
2023-11-30 20:30:17.085683 :: Start
2023-11-30 20:30:19.094110 :: PROCESS FOR -stone and tileSTARTED
2023-11-30 20:30:19.094110 :: https://www.google.com/maps/@43.7182639,-79.7076911,10z?entry=ttu
2023-11-30 20:30:28.225577 :: DATA for searching:
LOCATION:43.7182639,-79.7076911,10z
INTEREST:stone and tile
CITY:Toronto
2023-11-30 20:30:28.776955 :: Insert key-word:stone and tile
2023-11-30 20:30:35.127788 :: List item found:<selenium.webdriver.remote.webelement.WebElement (session="a629578d-697f-43e3-a9e2-eb095ee78e97", element="101c949b-d50d-4532-9d86-e560fb5df2e1")>
2023-11-30 20:30:35.131799 :: One scroll - 1500
2023-11-30 20:30:37.140869 :: One scroll - 1500
2023-11-30 20:30:39.160212 :: One scroll - 1500
2023-11-30 20:30:41.167935 :: One scroll - 1500
2023-11-30 20:30:43.170255 :: One scroll - 1500
2023-11-30 20:30:45.173406 :: One scroll - 1500
2023-11-30 20:30:47.174245 :: One scroll - 1500
2023-11-30 20:30:49.190375 :: One scroll - 1500
2023-11-30 20:30:51.200419 :: One scroll - 1500
2023-11-30 20:30:53.213990 :: One scroll - 1500
2023-11-30 20:30:55.225851 :: timer ++ 2
2023-11-30 20:30:55.229860 :: One scroll - 1500
2023-11-30 20:30:58.246469 :: One scroll - 1500
2023-11-30 20:31:01.257124 :: One scroll - 1500
2023-11-30 20:31:04.270883 :: One scroll - 1500
2023-11-30 20:31:07.286790 :: One scroll - 1500
2023-11-30 20:31:10.289081 :: One scroll - 1500
2023-11-30 20:31:13.308557 :: One scroll - 1500
2023-11-30 20:31:16.309146 :: One scroll - 1500
2023-11-30 20:31:19.311788 :: One scroll - 1500
2023-11-30 20:31:22.314741 :: One scroll - 1500
2023-11-30 20:31:25.316598 :: timer ++ 3
2023-11-30 20:31:25.316598 :: GETTING DATA counter: 0
2023-11-30 20:31:35.324272 :: --- CONTINUE ---
2023-11-30 20:31:38.825257 :: get data from element
2023-11-30 20:31:38.846379 :: def_addr 1701 Creditstone Rd, Concord, ON L4K 5V6
2023-11-30 20:31:38.863458 :: def_web_page onyxa.ca
2023-11-30 20:31:38.880589 :: def_phone (905) 326-4314
2023-11-30 20:31:38.880589 :: <<<< 43.7182639,-79.7076911,10zstone and tileToronto1 >>>>
2023-11-30 20:31:38.880589 :: <<<< 43.7182639,-79.7076911,10zstone and tileToronto1 >>>>
2023-11-30 20:31:40.028313 :: GETTING DATA counter: 1
2023-11-30 20:31:50.049583 :: --- CONTINUE ---
2023-11-30 20:31:53.481686 :: get data from element
2023-11-30 20:31:53.633421 :: def_addr 180 Caldari Rd Unit 2, Vaughan, ON L4K 4L1
2023-11-30 20:31:53.649022 :: def_web_page impexstonetile.com
2023-11-30 20:31:53.664663 :: def_phone (905) 660-9191
2023-11-30 20:31:53.664663 :: <<<< 43.7182639,-79.7076911,10zstone and tileToronto2 >>>>
2023-11-30 20:31:53.664663 :: <<<< 43.7182639,-79.7076911,10zstone and tileToronto2 >>>>
2023-11-30 20:31:54.823164 :: GETTING DATA counter: 2
2023-11-30 20:32:04.831330 :: --- CONTINUE ---
2023-11-30 20:32:08.212680 :: get data from element
2023-11-30 20:32:08.353473 :: def_addr 8200 Jane St, Concord, ON L4K 3V4
2023-11-30 20:32:08.369094 :: def_web_page tilesandstone.com
2023-11-30 20:32:08.384701 :: def_phone (416) 736-1200
2023-11-30 20:32:08.384701 :: <<<< 43.7182639,-79.7076911,10zstone and tileToronto3 >>>>
2023-11-30 20:32:08.384701 :: <<<< 43.7182639,-79.7076911,10zstone and tileToronto3 >>>>
2023-11-30 20:32:09.514507 :: GETTING DATA counter: 3
2023-11-30 20:32:19.524541 :: --- CONTINUE ---
2023-11-30 20:32:22.954042 :: get data from element
2023-11-30 20:32:23.095768 :: def_addr 180 Caldari Rd Unit 2, Vaughan, ON L4K 4L1
2023-11-30 20:32:23.095768 :: def_web_page impexstonetile.com
2023-11-30 20:32:23.111427 :: def_phone (905) 660-9191
2023-11-30 20:32:23.111427 :: <<<< 43.7182639,-79.7076911,10zstone and tileToronto4 >>>>
2023-11-30 20:32:23.111427 :: <<<< 43.7182639,-79.7076911,10zstone and tileToronto4 >>>>
2023-11-30 20:32:24.234071 :: GETTING DATA counter: 4
2023-11-30 20:32:34.251005 :: --- CONTINUE ---
2023-11-30 20:32:37.657933 :: get data from element
2023-11-30 20:32:37.794044 :: def_addr 1300 Alness St Unit 2, Concord, ON L4K 2W6
2023-11-30 20:32:37.794044 :: def_web_page luxestoneandtile.com
2023-11-30 20:32:37.809640 :: def_phone (647) 995-4576
2023-11-30 20:32:37.809640 :: <<<< 43.7182639,-79.7076911,10zstone and tileToronto5 >>>>
2023-11-30 20:32:37.809640 :: <<<< 43.7182639,-79.7076911,10zstone and tileToronto5 >>>>
2023-11-30 20:32:38.952509 :: GETTING DATA counter: 5
2023-11-30 20:32:48.956367 :: --- CONTINUE ---
2023-11-30 20:32:52.401720 :: get data from element
2023-11-30 20:32:52.527613 :: def_addr 1451 Castlefield Ave, Toronto, ON M6M 1Y3
2023-11-30 20:32:52.543215 :: def_web_page stone-tile.com
2023-11-30 20:32:52.558843 :: def_phone (416) 515-9000
2023-11-30 20:32:52.558843 :: <<<< 43.7182639,-79.7076911,10zstone and tileToronto6 >>>>
2023-11-30 20:32:52.558843 :: <<<< 43.7182639,-79.7076911,10zstone and tileToronto6 >>>>
2023-11-30 20:32:53.718374 :: GETTING DATA counter: 6
2023-11-30 20:33:03.732978 :: --- CONTINUE ---
2023-11-30 20:33:07.094827 :: get data from element
2023-11-30 20:33:07.123639 :: def_addr 201 Millway Ave #14, Concord, ON L4K 5K8
2023-11-30 20:33:07.134634 :: def_web_page gemstonesinc.ca
2023-11-30 20:33:07.146632 :: def_phone (905) 532-0239
2023-11-30 20:33:07.146632 :: <<<< 43.7182639,-79.7076911,10zstone and tileToronto7 >>>>
2023-11-30 20:33:07.146632 :: <<<< 43.7182639,-79.7076911,10zstone and tileToronto7 >>>>
2023-11-30 20:33:08.301245 :: GETTING DATA counter: 7
2023-11-30 20:33:18.313048 :: --- CONTINUE ---
2023-11-30 20:33:21.658216 :: get data from element
2023-11-30 20:33:21.805557 :: def_addr 8707 Jane St, Concord, ON L4K 2M6
2023-11-30 20:33:21.821588 :: def_web_page marmecanada.com
2023-11-30 20:33:21.821588 :: def_phone (905) 660-1214
2023-11-30 20:33:21.821588 :: <<<< 43.7182639,-79.7076911,10zstone and tileToronto8 >>>>
2023-11-30 20:33:21.821588 :: <<<< 43.7182639,-79.7076911,10zstone and tileToronto8 >>>>
2023-11-30 20:33:22.998534 :: GETTING DATA counter: 8
2023-11-30 20:33:33.011041 :: --- CONTINUE ---
2023-11-30 20:33:36.344882 :: get data from element
2023-11-30 20:33:36.470382 :: def_addr 80 Kincort St, York, ON M6M 5G1
2023-11-30 20:33:36.486006 :: def_web_page stone-tile.com
2023-11-30 20:33:36.486006 :: def_phone (416) 515-9000
2023-11-30 20:33:36.486006 :: <<<< 43.7182639,-79.7076911,10zstone and tileToronto9 >>>>
2023-11-30 20:33:36.486006 :: <<<< 43.7182639,-79.7076911,10zstone and tileToronto9 >>>>
2023-11-30 20:33:37.624310 :: GETTING DATA counter: 9
2023-11-30 20:33:47.633198 :: --- CONTINUE ---
2023-11-30 20:33:50.979685 :: get data from element
2023-11-30 20:33:51.120880 :: def_addr 80 Dufflaw Rd, Toronto, ON M6A 2W4
2023-11-30 20:33:51.120880 :: def_web_page eurotilestone.com
2023-11-30 20:33:51.136469 :: def_phone (416) 860-3615
2023-11-30 20:33:51.136469 :: <<<< 43.7182639,-79.7076911,10zstone and tileToronto10 >>>>
2023-11-30 20:33:51.136469 :: <<<< 43.7182639,-79.7076911,10zstone and tileToronto10 >>>>
2023-11-30 20:33:52.277376 :: GETTING DATA counter: 10
2023-11-30 20:34:02.283496 :: --- CONTINUE ---
2023-11-30 20:34:05.729593 :: get data from element
2023-11-30 20:34:05.902347 :: def_addr 287 Bridgeland Ave, Toronto, ON M6A 1Z6
2023-11-30 20:34:15.930029 :: <<<< 43.7182639,-79.7076911,10zstone and tileToronto11 >>>>
2023-11-30 20:34:15.930029 :: <<<< 43.7182639,-79.7076911,10zstone and tileToronto11 >>>>
2023-11-30 20:34:17.123524 :: GETTING DATA counter: 11
2023-11-30 20:34:27.131523 :: --- CONTINUE ---
2023-11-30 20:34:30.478648 :: get data from element
2023-11-30 20:34:30.649756 :: def_addr 330 Edgeley Blvd, Concord, ON L4K 3Y3
2023-11-30 20:34:30.649756 :: def_web_page metropolitantile.ca
2023-11-30 20:34:30.665351 :: def_phone (905) 660-6443
2023-11-30 20:34:30.665351 :: <<<< 43.7182639,-79.7076911,10zstone and tileToronto12 >>>>
2023-11-30 20:34:30.665351 :: <<<< 43.7182639,-79.7076911,10zstone and tileToronto12 >>>>
2023-11-30 20:34:31.874805 :: GETTING DATA counter: 12
2023-11-30 20:34:41.884937 :: --- CONTINUE ---
2023-11-30 20:34:45.222231 :: get data from element
2023-11-30 20:34:45.447806 :: def_addr 236 Norseman St, Etobicoke, ON M8Z 2R4
2023-11-30 20:34:45.463432 :: def_web_page sstileandstone.ca
2023-11-30 20:34:45.479058 :: def_phone (416) 231-2222
2023-11-30 20:34:45.479058 :: <<<< 43.7182639,-79.7076911,10zstone and tileToronto13 >>>>
2023-11-30 20:34:45.479058 :: <<<< 43.7182639,-79.7076911,10zstone and tileToronto13 >>>>
2023-11-30 20:34:46.693580 :: GETTING DATA counter: 13
2023-11-30 20:34:56.701097 :: --- CONTINUE ---
2023-11-30 20:35:00.090273 :: get data from element
2023-11-30 20:35:10.116783 :: def_web_page ridgefieldtilesandstone.com
2023-11-30 20:35:10.133128 :: <<<< 43.7182639,-79.7076911,10zstone and tileToronto14 >>>>
2023-11-30 20:35:10.133128 :: <<<< 43.7182639,-79.7076911,10zstone and tileToronto14 >>>>
2023-11-30 20:35:11.275415 :: GETTING DATA counter: 14
2023-11-30 20:35:21.282080 :: --- CONTINUE ---
2023-11-30 20:35:24.663087 :: get data from element
2023-11-30 20:35:24.850873 :: def_addr 3838 Midland Ave #118, Scarborough, ON M1V 5K5
2023-11-30 20:35:24.850873 :: def_web_page camiko.com
2023-11-30 20:35:24.866498 :: def_phone (416) 292-6567
2023-11-30 20:35:24.866498 :: <<<< 43.7182639,-79.7076911,10zstone and tileToronto15 >>>>
2023-11-30 20:35:24.866498 :: <<<< 43.7182639,-79.7076911,10zstone and tileToronto15 >>>>
2023-11-30 20:35:26.031894 :: GETTING DATA counter: 15
2023-11-30 20:35:36.041145 :: --- CONTINUE ---
2023-11-30 20:35:39.392482 :: get data from element
2023-11-30 20:35:39.527780 :: def_addr 26 Dufflaw Rd, Toronto, ON M6A 2W1
2023-11-30 20:35:39.527780 :: def_web_page m2tilestone.com
2023-11-30 20:35:39.542453 :: def_phone (416) 850-1045
2023-11-30 20:35:39.542453 :: <<<< 43.7182639,-79.7076911,10zstone and tileToronto16 >>>>
2023-11-30 20:35:39.542453 :: <<<< 43.7182639,-79.7076911,10zstone and tileToronto16 >>>>
2023-11-30 20:35:40.360729 :: Done except?
2023-11-30 20:35:40.361730 :: GETTING DATA counter: 16
2023-11-30 20:35:56.598034 :: Done except?
2023-11-30 20:35:56.598034 :: GETTING DATA counter: 17
2023-11-30 20:36:02.663395 :: Done except?
2023-11-30 20:36:02.663395 :: GETTING DATA counter: 18
2023-11-30 20:36:04.681201 :: Done except?
2023-11-30 20:36:04.681201 :: GETTING DATA counter: 19
2023-11-30 20:36:20.787248 :: Done except?
2023-11-30 20:36:20.787248 :: GETTING DATA counter: 20
2023-11-30 20:36:36.936165 :: Done except?
2023-11-30 20:36:36.936165 :: GETTING DATA counter: 21
2023-11-30 20:36:53.208803 :: Done except?
2023-11-30 20:36:53.208803 :: GETTING DATA counter: 22
2023-11-30 20:37:09.504427 :: Done except?
2023-11-30 20:37:09.504427 :: GETTING DATA counter: 23
2023-11-30 20:37:25.771712 :: Done except?
2023-11-30 20:37:25.771712 :: GETTING DATA counter: 24
2023-11-30 20:37:42.035801 :: Done except?
2023-11-30 20:37:42.035801 :: break
2023-11-30 20:37:42.035801 :: SPENT time forstone and tile - 0:07:22.941691