
2023-11-30 20:30:17.070057 :: Start
2023-11-30 20:30:19.078540 :: PROCESS FOR -ppfSTARTED
2023-11-30 20:30:19.078540 :: https://www.google.com/maps/@43.7182639,-79.7076911,10z?entry=ttu
2023-11-30 20:30:27.461481 :: DATA for searching:
LOCATION:43.7182639,-79.7076911,10z
INTEREST:ppf
CITY:Toronto
2023-11-30 20:30:27.858971 :: Insert key-word:ppf
2023-11-30 20:30:34.343561 :: List item found:<selenium.webdriver.remote.webelement.WebElement (session="b96132de-b00b-4e23-9c8d-12ec45774be0", element="7f931c67-2fd3-4540-a3c9-eeef99dc1394")>
2023-11-30 20:30:34.351086 :: One scroll - 1500
2023-11-30 20:30:36.359714 :: One scroll - 1500
2023-11-30 20:30:38.375995 :: One scroll - 1500
2023-11-30 20:30:40.390928 :: One scroll - 1500
2023-11-30 20:30:42.401210 :: One scroll - 1500
2023-11-30 20:30:44.416360 :: One scroll - 1500
2023-11-30 20:30:46.424327 :: One scroll - 1500
2023-11-30 20:30:48.439040 :: One scroll - 1500
2023-11-30 20:30:50.453604 :: One scroll - 1500
2023-11-30 20:30:52.460583 :: One scroll - 1500
2023-11-30 20:30:54.473381 :: timer ++ 2
2023-11-30 20:30:54.476372 :: One scroll - 1500
2023-11-30 20:30:57.488292 :: One scroll - 1500
2023-11-30 20:31:00.497836 :: One scroll - 1500
2023-11-30 20:31:03.504603 :: One scroll - 1500
2023-11-30 20:31:06.509215 :: One scroll - 1500
2023-11-30 20:31:09.521074 :: One scroll - 1500
2023-11-30 20:31:12.526287 :: One scroll - 1500
2023-11-30 20:31:15.529304 :: One scroll - 1500
2023-11-30 20:31:18.529359 :: One scroll - 1500
2023-11-30 20:31:21.534500 :: One scroll - 1500
2023-11-30 20:31:24.536977 :: timer ++ 3
2023-11-30 20:31:24.537983 :: GETTING DATA counter: 0
2023-11-30 20:31:34.550328 :: --- CONTINUE ---
2023-11-30 20:31:37.872633 :: get data from element
2023-11-30 20:31:37.903892 :: def_addr 101 Doney Crescent, Concord, ON L4K 1P6
2023-11-30 20:31:37.919532 :: def_web_page id-protection.ca
2023-11-30 20:31:47.928780 :: <<<< 43.7182639,-79.7076911,10zppfToronto1 >>>>
2023-11-30 20:31:47.928780 :: <<<< 43.7182639,-79.7076911,10zppfToronto1 >>>>
2023-11-30 20:31:49.080438 :: GETTING DATA counter: 1
2023-11-30 20:31:59.088893 :: --- CONTINUE ---
2023-11-30 20:32:02.439523 :: get data from element
2023-11-30 20:32:02.456595 :: def_addr 445 Midwest Rd #31, Scarborough, ON M1P 4Y9
2023-11-30 20:32:02.469421 :: def_web_page chipprotection.com
2023-11-30 20:32:02.479339 :: def_phone (416) 700-9727
2023-11-30 20:32:02.479339 :: <<<< 43.7182639,-79.7076911,10zppfToronto2 >>>>
2023-11-30 20:32:02.479339 :: <<<< 43.7182639,-79.7076911,10zppfToronto2 >>>>
2023-11-30 20:32:03.614533 :: GETTING DATA counter: 2
2023-11-30 20:32:13.621191 :: --- CONTINUE ---
2023-11-30 20:32:16.905934 :: get data from element
2023-11-30 20:32:16.921947 :: def_addr 171 Maplecrete Rd Unit 5, Concord, ON L4K 2B4
2023-11-30 20:32:16.940857 :: def_web_page ppfmaster.to
2023-11-30 20:32:16.948809 :: def_phone (647) 937-3714
2023-11-30 20:32:16.948809 :: <<<< 43.7182639,-79.7076911,10zppfToronto3 >>>>
2023-11-30 20:32:16.948809 :: <<<< 43.7182639,-79.7076911,10zppfToronto3 >>>>
2023-11-30 20:32:18.079960 :: GETTING DATA counter: 3
2023-11-30 20:32:28.093986 :: --- CONTINUE ---
2023-11-30 20:32:31.383119 :: get data from element
2023-11-30 20:32:31.398631 :: def_addr 101 Doney Crescent, Concord, ON L4K 1P6
2023-11-30 20:32:31.398631 :: def_web_page id-protection.ca
2023-11-30 20:32:41.423370 :: <<<< 43.7182639,-79.7076911,10zppfToronto4 >>>>
2023-11-30 20:32:41.423370 :: <<<< 43.7182639,-79.7076911,10zppfToronto4 >>>>
2023-11-30 20:32:42.571132 :: GETTING DATA counter: 4
2023-11-30 20:32:52.574858 :: --- CONTINUE ---
2023-11-30 20:32:55.915285 :: get data from element
2023-11-30 20:32:55.930780 :: def_addr 7070 Pacific Cir, Mississauga, ON L5T 2A7
2023-11-30 20:32:55.946405 :: def_web_page tintxppf.com
2023-11-30 20:32:55.946405 :: def_phone (437) 269-8468
2023-11-30 20:32:55.946405 :: <<<< 43.7182639,-79.7076911,10zppfToronto5 >>>>
2023-11-30 20:32:55.946405 :: <<<< 43.7182639,-79.7076911,10zppfToronto5 >>>>
2023-11-30 20:32:57.089173 :: GETTING DATA counter: 5
2023-11-30 20:33:07.094827 :: --- CONTINUE ---
2023-11-30 20:33:10.400866 :: get data from element
2023-11-30 20:33:10.416508 :: def_addr 161 N Rivermede Rd unit 2B, Concord, ON L4K 3N6
2023-11-30 20:33:10.432122 :: def_web_page torontoppf.com
2023-11-30 20:33:10.447761 :: def_phone (647) 687-6199
2023-11-30 20:33:10.447761 :: <<<< 43.7182639,-79.7076911,10zppfToronto6 >>>>
2023-11-30 20:33:10.447761 :: <<<< 43.7182639,-79.7076911,10zppfToronto6 >>>>
2023-11-30 20:33:11.561136 :: GETTING DATA counter: 6
2023-11-30 20:33:21.567531 :: --- CONTINUE ---
2023-11-30 20:33:24.859408 :: get data from element
2023-11-30 20:33:24.882138 :: def_addr 160 Applewood Crescent Unit 5, Concord, ON L4K 4H2
2023-11-30 20:33:34.889778 :: def_phone (437) 577-3672
2023-11-30 20:33:34.889778 :: <<<< 43.7182639,-79.7076911,10zppfToronto7 >>>>
2023-11-30 20:33:34.889778 :: <<<< 43.7182639,-79.7076911,10zppfToronto7 >>>>
2023-11-30 20:33:36.023822 :: GETTING DATA counter: 7
2023-11-30 20:33:46.041071 :: --- CONTINUE ---
2023-11-30 20:33:49.350065 :: get data from element
2023-11-30 20:33:59.374941 :: def_web_page instagram.com
2023-11-30 20:33:59.396838 :: <<<< 43.7182639,-79.7076911,10zppfToronto8 >>>>
2023-11-30 20:33:59.396838 :: <<<< 43.7182639,-79.7076911,10zppfToronto8 >>>>
2023-11-30 20:34:00.489268 :: GETTING DATA counter: 8
2023-11-30 20:34:10.500884 :: --- CONTINUE ---
2023-11-30 20:34:13.828325 :: get data from element
2023-11-30 20:34:13.843917 :: def_addr 305A Red Maple Rd, Richmond Hill, ON L4C 6P2
2023-11-30 20:34:13.859560 :: def_web_page amp-motorsports.com
2023-11-30 20:34:13.859560 :: def_phone (905) 760-1589
2023-11-30 20:34:13.859560 :: <<<< 43.7182639,-79.7076911,10zppfToronto9 >>>>
2023-11-30 20:34:13.859560 :: <<<< 43.7182639,-79.7076911,10zppfToronto9 >>>>
2023-11-30 20:34:15.005108 :: GETTING DATA counter: 9
2023-11-30 20:34:25.012593 :: --- CONTINUE ---
2023-11-30 20:34:28.304782 :: get data from element
2023-11-30 20:34:28.320828 :: def_addr 50 Doncaster Ave Unit 9, Markham, ON L3T 1L4
2023-11-30 20:34:28.336462 :: def_web_page ceramicpromarkham.com
2023-11-30 20:34:38.345604 :: <<<< 43.7182639,-79.7076911,10zppfToronto10 >>>>
2023-11-30 20:34:38.345604 :: <<<< 43.7182639,-79.7076911,10zppfToronto10 >>>>
2023-11-30 20:34:39.485022 :: GETTING DATA counter: 10
2023-11-30 20:34:49.497595 :: --- CONTINUE ---
2023-11-30 20:34:52.808614 :: get data from element
2023-11-30 20:34:52.824206 :: def_addr 100 Regina Rd unit 6, Woodbridge, ON L4L 8M7
2023-11-30 20:34:52.840979 :: def_web_page detailingworldinc.ca
2023-11-30 20:34:52.840979 :: def_phone (647) 409-0660
2023-11-30 20:34:52.840979 :: <<<< 43.7182639,-79.7076911,10zppfToronto11 >>>>
2023-11-30 20:34:52.840979 :: <<<< 43.7182639,-79.7076911,10zppfToronto11 >>>>
2023-11-30 20:34:53.968030 :: GETTING DATA counter: 11
2023-11-30 20:35:03.989009 :: --- CONTINUE ---
2023-11-30 20:35:07.324375 :: get data from element
2023-11-30 20:35:07.339865 :: def_addr 5050 Dufferin St #102, North York, ON M3H 5S8
2023-11-30 20:35:17.365211 :: <<<< 43.7182639,-79.7076911,10zppfToronto12 >>>>
2023-11-30 20:35:17.365211 :: <<<< 43.7182639,-79.7076911,10zppfToronto12 >>>>
2023-11-30 20:35:18.495933 :: GETTING DATA counter: 12
2023-11-30 20:35:28.507869 :: --- CONTINUE ---
2023-11-30 20:35:31.818162 :: get data from element
2023-11-30 20:35:31.833166 :: def_addr 27 Mayo Dr, Toronto, ON M6L 2X1
2023-11-30 20:35:31.848798 :: def_web_page automobileppf.ca
2023-11-30 20:35:31.848798 :: def_phone (437) 771-1412
2023-11-30 20:35:31.848798 :: <<<< 43.7182639,-79.7076911,10zppfToronto13 >>>>
2023-11-30 20:35:31.848798 :: <<<< 43.7182639,-79.7076911,10zppfToronto13 >>>>
2023-11-30 20:35:33.012678 :: GETTING DATA counter: 13
2023-11-30 20:35:40.362729 :: --- CONTINUE ---
2023-11-30 20:35:56.605599 :: Done except?
2023-11-30 20:35:56.605599 :: GETTING DATA counter: 14
2023-11-30 20:36:02.709753 :: Done except?
2023-11-30 20:36:02.709753 :: GETTING DATA counter: 15
2023-11-30 20:36:18.840919 :: Done except?
2023-11-30 20:36:18.840919 :: GETTING DATA counter: 16
2023-11-30 20:36:34.949546 :: Done except?
2023-11-30 20:36:34.949546 :: GETTING DATA counter: 17
2023-11-30 20:36:51.222060 :: Done except?
2023-11-30 20:36:51.222060 :: GETTING DATA counter: 18
2023-11-30 20:37:07.504850 :: Done except?
2023-11-30 20:37:07.504850 :: GETTING DATA counter: 19
2023-11-30 20:37:23.781109 :: Done except?
2023-11-30 20:37:23.781109 :: GETTING DATA counter: 20
2023-11-30 20:37:40.051323 :: Done except?
2023-11-30 20:37:40.051323 :: GETTING DATA counter: 21
2023-11-30 20:37:56.304176 :: Done except?
2023-11-30 20:37:56.304176 :: GETTING DATA counter: 22
2023-11-30 20:38:04.426146 :: Done except?
2023-11-30 20:38:04.426146 :: break
2023-11-30 20:38:04.426146 :: SPENT time forppf - 0:07:45.347606