
2023-11-30 20:30:17.054423 :: Start
2023-11-30 20:30:19.062853 :: PROCESS FOR -3m ppfSTARTED
2023-11-30 20:30:19.062853 :: https://www.google.com/maps/@43.7182639,-79.7076911,10z?entry=ttu
2023-11-30 20:30:28.464306 :: DATA for searching:
LOCATION:43.7182639,-79.7076911,10z
INTEREST:3m ppf
CITY:Toronto
2023-11-30 20:30:28.946842 :: Insert key-word:3m ppf
2023-11-30 20:30:35.507429 :: List item found:<selenium.webdriver.remote.webelement.WebElement (session="aad57736-d97b-489b-a0e4-1e6a4a936302", element="602ea257-7399-4a3d-9a7e-e157d0fd163d")>
2023-11-30 20:30:35.507429 :: One scroll - 1500
2023-11-30 20:30:37.507776 :: One scroll - 1500
2023-11-30 20:30:39.526165 :: One scroll - 1500
2023-11-30 20:30:41.540314 :: One scroll - 1500
2023-11-30 20:30:43.560414 :: One scroll - 1500
2023-11-30 20:30:45.569921 :: One scroll - 1500
2023-11-30 20:30:47.573200 :: One scroll - 1500
2023-11-30 20:30:49.589468 :: One scroll - 1500
2023-11-30 20:30:51.610937 :: One scroll - 1500
2023-11-30 20:30:53.628090 :: One scroll - 1500
2023-11-30 20:30:55.640670 :: timer ++ 2
2023-11-30 20:30:55.640670 :: One scroll - 1500
2023-11-30 20:30:58.646570 :: One scroll - 1500
2023-11-30 20:31:01.659872 :: One scroll - 1500
2023-11-30 20:31:04.663863 :: One scroll - 1500
2023-11-30 20:31:07.668432 :: One scroll - 1500
2023-11-30 20:31:10.682306 :: One scroll - 1500
2023-11-30 20:31:13.686872 :: One scroll - 1500
2023-11-30 20:31:16.692545 :: One scroll - 1500
2023-11-30 20:31:19.705223 :: One scroll - 1500
2023-11-30 20:31:22.709250 :: One scroll - 1500
2023-11-30 20:31:25.713683 :: timer ++ 3
2023-11-30 20:31:25.713683 :: GETTING DATA counter: 0
2023-11-30 20:31:35.730034 :: --- CONTINUE ---
2023-11-30 20:31:39.135476 :: get data from element
2023-11-30 20:31:39.169565 :: def_addr 1755 Plummer St Unit #3, Pickering, ON L1W 3S1
2023-11-30 20:31:39.177591 :: def_web_page avotto.ca
2023-11-30 20:31:39.179676 :: def_phone (647) 236-1355
2023-11-30 20:31:39.179676 :: <<<< 43.7182639,-79.7076911,10z3m ppfToronto1 >>>>
2023-11-30 20:31:39.179676 :: <<<< 43.7182639,-79.7076911,10z3m ppfToronto1 >>>>
2023-11-30 20:31:40.312189 :: GETTING DATA counter: 1
2023-11-30 20:31:50.321006 :: --- CONTINUE ---
2023-11-30 20:31:53.664663 :: get data from element
2023-11-30 20:31:53.683289 :: def_addr 2050 Speers Rd Unit #4, Oakville, ON L6L 2X8
2023-11-30 20:31:53.696295 :: def_web_page westsidepro.ca
2023-11-30 20:31:53.711927 :: def_phone (416) 951-1749
2023-11-30 20:31:53.711927 :: <<<< 43.7182639,-79.7076911,10z3m ppfToronto2 >>>>
2023-11-30 20:31:53.711927 :: <<<< 43.7182639,-79.7076911,10z3m ppfToronto2 >>>>
2023-11-30 20:31:54.854544 :: GETTING DATA counter: 2
2023-11-30 20:32:04.862581 :: --- CONTINUE ---
2023-11-30 20:32:08.181157 :: get data from element
2023-11-30 20:32:08.205673 :: def_addr 161 N Rivermede Rd unit 2B, Concord, ON L4K 3N6
2023-11-30 20:32:08.212680 :: def_web_page torontoppf.com
2023-11-30 20:32:08.212680 :: def_phone (647) 687-6199
2023-11-30 20:32:08.212680 :: <<<< 43.7182639,-79.7076911,10z3m ppfToronto3 >>>>
2023-11-30 20:32:08.212680 :: <<<< 43.7182639,-79.7076911,10z3m ppfToronto3 >>>>
2023-11-30 20:32:09.370616 :: GETTING DATA counter: 3
2023-11-30 20:32:19.389271 :: --- CONTINUE ---
2023-11-30 20:32:22.694255 :: get data from element
2023-11-30 20:32:22.709899 :: def_addr 100 Regina Rd unit 6, Woodbridge, ON L4L 8M7
2023-11-30 20:32:22.726000 :: def_web_page detailingworldinc.ca
2023-11-30 20:32:22.737365 :: def_phone (647) 409-0660
2023-11-30 20:32:22.737365 :: <<<< 43.7182639,-79.7076911,10z3m ppfToronto4 >>>>
2023-11-30 20:32:22.737365 :: <<<< 43.7182639,-79.7076911,10z3m ppfToronto4 >>>>
2023-11-30 20:32:23.863257 :: GETTING DATA counter: 4
2023-11-30 20:32:33.868930 :: --- CONTINUE ---
2023-11-30 20:32:37.206600 :: get data from element
2023-11-30 20:32:37.222097 :: def_addr 445 Midwest Rd #31, Scarborough, ON M1P 4Y9
2023-11-30 20:32:37.237719 :: def_web_page chipprotection.com
2023-11-30 20:32:37.247743 :: def_phone (416) 700-9727
2023-11-30 20:32:37.247743 :: <<<< 43.7182639,-79.7076911,10z3m ppfToronto5 >>>>
2023-11-30 20:32:37.247743 :: <<<< 43.7182639,-79.7076911,10z3m ppfToronto5 >>>>
2023-11-30 20:32:38.388342 :: GETTING DATA counter: 5
2023-11-30 20:32:48.393255 :: --- CONTINUE ---
2023-11-30 20:32:51.678050 :: get data from element
2023-11-30 20:32:51.693809 :: def_addr 1073 Britannia Rd E, Mississauga, ON L4W 3X1
2023-11-30 20:32:51.709356 :: def_web_page carcafe.ca
2023-11-30 20:32:51.725466 :: def_phone (437) 985-3327
2023-11-30 20:32:51.725466 :: <<<< 43.7182639,-79.7076911,10z3m ppfToronto6 >>>>
2023-11-30 20:32:51.725466 :: <<<< 43.7182639,-79.7076911,10z3m ppfToronto6 >>>>
2023-11-30 20:32:52.852773 :: GETTING DATA counter: 6
2023-11-30 20:33:02.873646 :: --- CONTINUE ---
2023-11-30 20:33:06.177018 :: get data from element
2023-11-30 20:33:06.193028 :: def_addr 161 N Rivermede Rd unit 2A, Concord, ON L4K 3N6
2023-11-30 20:33:06.193028 :: def_web_page inzenskininc.com
2023-11-30 20:33:06.208661 :: def_phone (647) 687-6199
2023-11-30 20:33:06.208661 :: <<<< 43.7182639,-79.7076911,10z3m ppfToronto7 >>>>
2023-11-30 20:33:06.208661 :: <<<< 43.7182639,-79.7076911,10z3m ppfToronto7 >>>>
2023-11-30 20:33:07.346257 :: GETTING DATA counter: 7
2023-11-30 20:33:17.356244 :: --- CONTINUE ---
2023-11-30 20:33:20.632014 :: get data from element
2023-11-30 20:33:20.648509 :: def_addr 27 Mayo Dr, Toronto, ON M6L 2X1
2023-11-30 20:33:20.666183 :: def_web_page automobileppf.ca
2023-11-30 20:33:20.680502 :: def_phone (437) 771-1412
2023-11-30 20:33:20.680502 :: <<<< 43.7182639,-79.7076911,10z3m ppfToronto8 >>>>
2023-11-30 20:33:20.680502 :: <<<< 43.7182639,-79.7076911,10z3m ppfToronto8 >>>>
2023-11-30 20:33:21.821588 :: GETTING DATA counter: 8
2023-11-30 20:33:31.833819 :: --- CONTINUE ---
2023-11-30 20:33:35.121855 :: get data from element
2023-11-30 20:33:35.137877 :: def_addr 7070 Pacific Cir, Mississauga, ON L5T 2A7
2023-11-30 20:33:35.137877 :: def_web_page tintxppf.com
2023-11-30 20:33:35.153514 :: def_phone (437) 269-8468
2023-11-30 20:33:35.153514 :: <<<< 43.7182639,-79.7076911,10z3m ppfToronto9 >>>>
2023-11-30 20:33:35.153514 :: <<<< 43.7182639,-79.7076911,10z3m ppfToronto9 >>>>
2023-11-30 20:33:36.281969 :: GETTING DATA counter: 9
2023-11-30 20:33:46.288396 :: --- CONTINUE ---
2023-11-30 20:33:49.583541 :: get data from element
2023-11-30 20:34:19.627438 :: <<<< 43.7182639,-79.7076911,10z3m ppfToronto10 >>>>
2023-11-30 20:34:19.627438 :: <<<< 43.7182639,-79.7076911,10z3m ppfToronto10 >>>>
2023-11-30 20:34:20.721925 :: GETTING DATA counter: 10
2023-11-30 20:34:30.728247 :: --- CONTINUE ---
2023-11-30 20:34:34.124113 :: get data from element
2023-11-30 20:34:34.137117 :: def_addr 1073 Britannia Rd E, Mississauga, ON L4W 3X1
2023-11-30 20:34:34.137117 :: def_web_page carcafe.ca
2023-11-30 20:34:34.152750 :: def_phone (437) 989-0776
2023-11-30 20:34:34.152750 :: <<<< 43.7182639,-79.7076911,10z3m ppfToronto11 >>>>
2023-11-30 20:34:34.152750 :: <<<< 43.7182639,-79.7076911,10z3m ppfToronto11 >>>>
2023-11-30 20:34:35.278761 :: GETTING DATA counter: 11
2023-11-30 20:34:45.285134 :: --- CONTINUE ---
2023-11-30 20:34:48.592825 :: get data from element
2023-11-30 20:34:48.600907 :: def_addr 101 Doney Crescent, Concord, ON L4K 1P6
2023-11-30 20:34:48.618041 :: def_web_page id-protection.ca
2023-11-30 20:34:58.639482 :: <<<< 43.7182639,-79.7076911,10z3m ppfToronto12 >>>>
2023-11-30 20:34:58.639482 :: <<<< 43.7182639,-79.7076911,10z3m ppfToronto12 >>>>
2023-11-30 20:34:59.790103 :: GETTING DATA counter: 12
2023-11-30 20:35:09.801400 :: --- CONTINUE ---
2023-11-30 20:35:13.103970 :: get data from element
2023-11-30 20:35:13.119588 :: def_addr 3248 Yonge St, Toronto, ON M4R 2H4
2023-11-30 20:35:13.135649 :: def_web_page business.site
2023-11-30 20:35:13.135649 :: def_phone (647) 336-9900
2023-11-30 20:35:13.135649 :: <<<< 43.7182639,-79.7076911,10z3m ppfToronto13 >>>>
2023-11-30 20:35:13.135649 :: <<<< 43.7182639,-79.7076911,10z3m ppfToronto13 >>>>
2023-11-30 20:35:14.262022 :: GETTING DATA counter: 13
2023-11-30 20:35:24.271845 :: --- CONTINUE ---
2023-11-30 20:35:27.553649 :: get data from element
2023-11-30 20:35:27.573271 :: def_addr 5050 Dufferin St #102, North York, ON M3H 5S8
2023-11-30 20:35:37.591103 :: <<<< 43.7182639,-79.7076911,10z3m ppfToronto14 >>>>
2023-11-30 20:35:37.591103 :: <<<< 43.7182639,-79.7076911,10z3m ppfToronto14 >>>>
2023-11-30 20:35:38.717366 :: GETTING DATA counter: 14
2023-11-30 20:35:40.397356 :: --- CONTINUE ---
2023-11-30 20:35:56.670680 :: Done except?
2023-11-30 20:35:56.670680 :: GETTING DATA counter: 15
2023-11-30 20:36:02.725382 :: Done except?
2023-11-30 20:36:02.725382 :: GETTING DATA counter: 16
2023-11-30 20:36:18.872172 :: Done except?
2023-11-30 20:36:18.872172 :: GETTING DATA counter: 17
2023-11-30 20:36:34.987245 :: Done except?
2023-11-30 20:36:34.987245 :: GETTING DATA counter: 18
2023-11-30 20:36:51.268590 :: Done except?
2023-11-30 20:36:51.268590 :: GETTING DATA counter: 19
2023-11-30 20:37:07.535997 :: Done except?
2023-11-30 20:37:07.535997 :: GETTING DATA counter: 20
2023-11-30 20:37:23.812331 :: Done except?
2023-11-30 20:37:23.812331 :: GETTING DATA counter: 21
2023-11-30 20:37:40.084367 :: Done except?
2023-11-30 20:37:40.084367 :: GETTING DATA counter: 22
2023-11-30 20:37:56.364208 :: Done except?
2023-11-30 20:37:56.364208 :: GETTING DATA counter: 23
2023-11-30 20:38:04.476284 :: Done except?
2023-11-30 20:38:04.476284 :: break
2023-11-30 20:38:04.476284 :: SPENT time for3m ppf - 0:07:45.413431