
2023-11-30 20:30:17.085683 :: Start
2023-11-30 20:30:19.094110 :: PROCESS FOR -sun tek ppfSTARTED
2023-11-30 20:30:19.094110 :: https://www.google.com/maps/@43.7182639,-79.7076911,10z?entry=ttu
2023-11-30 20:30:26.733767 :: DATA for searching:
LOCATION:43.7182639,-79.7076911,10z
INTEREST:sun tek ppf
CITY:Toronto
2023-11-30 20:30:27.130752 :: Insert key-word:sun tek ppf
2023-11-30 20:30:34.086781 :: List item found:<selenium.webdriver.remote.webelement.WebElement (session="38ebdbe1-55e0-4d27-8ae1-6baeb6210728", element="c55d0a11-d8ef-4cc0-b44b-77b0f0221449")>
2023-11-30 20:30:34.259848 :: One scroll - 1500
2023-11-30 20:30:36.273116 :: One scroll - 1500
2023-11-30 20:30:38.280065 :: One scroll - 1500
2023-11-30 20:30:40.292580 :: One scroll - 1500
2023-11-30 20:30:42.298957 :: One scroll - 1500
2023-11-30 20:30:44.308488 :: One scroll - 1500
2023-11-30 20:30:46.323318 :: One scroll - 1500
2023-11-30 20:30:48.339010 :: One scroll - 1500
2023-11-30 20:30:50.352456 :: One scroll - 1500
2023-11-30 20:30:52.358963 :: One scroll - 1500
2023-11-30 20:30:54.370908 :: timer ++ 2
2023-11-30 20:30:54.373910 :: One scroll - 1500
2023-11-30 20:30:57.376750 :: One scroll - 1500
2023-11-30 20:31:00.391412 :: One scroll - 1500
2023-11-30 20:31:03.394424 :: One scroll - 1500
2023-11-30 20:31:06.399003 :: One scroll - 1500
2023-11-30 20:31:09.414922 :: One scroll - 1500
2023-11-30 20:31:12.417937 :: One scroll - 1500
2023-11-30 20:31:15.422047 :: One scroll - 1500
2023-11-30 20:31:18.437272 :: One scroll - 1500
2023-11-30 20:31:21.440351 :: One scroll - 1500
2023-11-30 20:31:24.443214 :: timer ++ 3
2023-11-30 20:31:24.443214 :: GETTING DATA counter: 0
2023-11-30 20:31:34.456440 :: Done except?
2023-11-30 20:31:34.456440 :: GETTING DATA counter: 1
2023-11-30 20:31:44.483683 :: Done except?
2023-11-30 20:31:44.483683 :: GETTING DATA counter: 2
2023-11-30 20:31:54.497024 :: Done except?
2023-11-30 20:31:54.497024 :: GETTING DATA counter: 3
2023-11-30 20:32:04.501754 :: Done except?
2023-11-30 20:32:04.501754 :: GETTING DATA counter: 4
2023-11-30 20:32:14.511685 :: Done except?
2023-11-30 20:32:14.511685 :: GETTING DATA counter: 5
2023-11-30 20:32:24.519376 :: Done except?
2023-11-30 20:32:24.519376 :: GETTING DATA counter: 6
2023-11-30 20:32:34.526813 :: Done except?
2023-11-30 20:32:34.526813 :: GETTING DATA counter: 7
2023-11-30 20:32:44.538815 :: Done except?
2023-11-30 20:32:44.538815 :: GETTING DATA counter: 8
2023-11-30 20:32:54.551588 :: Done except?
2023-11-30 20:32:54.551588 :: GETTING DATA counter: 9
2023-11-30 20:33:04.562735 :: Done except?
2023-11-30 20:33:04.562735 :: break
2023-11-30 20:33:04.562735 :: SPENT time forsun tek ppf - 0:02:45.468625