
2023-11-30 20:30:17.070057 :: Start
2023-11-30 20:30:19.078540 :: PROCESS FOR -auto tintingSTARTED
2023-11-30 20:30:19.078540 :: https://www.google.com/maps/@43.7182639,-79.7076911,10z?entry=ttu
2023-11-30 20:30:27.493512 :: DATA for searching:
LOCATION:43.7182639,-79.7076911,10z
INTEREST:auto tinting
CITY:Toronto
2023-11-30 20:30:27.975777 :: Insert key-word:auto tinting
2023-11-30 20:30:35.171311 :: List item found:<selenium.webdriver.remote.webelement.WebElement (session="35965ae9-909a-4ef8-9005-fb50d4f29cce", element="0bd51446-5bf1-412a-8fe9-8f9519da5ec2")>
2023-11-30 20:30:35.175332 :: One scroll - 1500
2023-11-30 20:30:37.189973 :: One scroll - 1500
2023-11-30 20:30:39.212859 :: One scroll - 1500
2023-11-30 20:30:41.218119 :: One scroll - 1500
2023-11-30 20:30:43.221678 :: One scroll - 1500
2023-11-30 20:30:45.237995 :: One scroll - 1500
2023-11-30 20:30:47.239405 :: One scroll - 1500
2023-11-30 20:30:49.254767 :: One scroll - 1500
2023-11-30 20:30:51.255170 :: One scroll - 1500
2023-11-30 20:30:53.260995 :: One scroll - 1500
2023-11-30 20:30:55.275712 :: timer ++ 2
2023-11-30 20:30:55.281090 :: One scroll - 1500
2023-11-30 20:30:58.291473 :: One scroll - 1500
2023-11-30 20:31:01.299007 :: One scroll - 1500
2023-11-30 20:31:04.318767 :: One scroll - 1500
2023-11-30 20:31:07.340753 :: One scroll - 1500
2023-11-30 20:31:10.352163 :: One scroll - 1500
2023-11-30 20:31:13.355629 :: One scroll - 1500
2023-11-30 20:31:16.361154 :: One scroll - 1500
2023-11-30 20:31:19.374741 :: One scroll - 1500
2023-11-30 20:31:22.377854 :: One scroll - 1500
2023-11-30 20:31:25.381067 :: timer ++ 3
2023-11-30 20:31:25.384908 :: GETTING DATA counter: 0
2023-11-30 20:31:35.402855 :: --- CONTINUE ---
2023-11-30 20:31:38.930510 :: get data from element
2023-11-30 20:31:38.946637 :: def_addr 126 Malcolm Rd Unit #7, Guelph, ON N1K 1J1
2023-11-30 20:31:38.961679 :: def_web_page theguelphdetailingcompany.com
2023-11-30 20:31:48.986297 :: <<<< 43.7182639,-79.7076911,10zauto tintingToronto1 >>>>
2023-11-30 20:31:48.986297 :: <<<< 43.7182639,-79.7076911,10zauto tintingToronto1 >>>>
2023-11-30 20:31:50.128103 :: GETTING DATA counter: 1
2023-11-30 20:32:00.137915 :: --- CONTINUE ---
2023-11-30 20:32:03.552985 :: get data from element
2023-11-30 20:32:03.567010 :: def_addr 346 Newkirk Rd Unit 14 & 15, Richmond Hill, ON L4C 0A9
2023-11-30 20:32:13.588937 :: <<<< 43.7182639,-79.7076911,10zauto tintingToronto2 >>>>
2023-11-30 20:32:13.588937 :: <<<< 43.7182639,-79.7076911,10zauto tintingToronto2 >>>>
2023-11-30 20:32:14.757740 :: GETTING DATA counter: 2
2023-11-30 20:32:24.782466 :: --- CONTINUE ---
2023-11-30 20:32:28.109613 :: get data from element
2023-11-30 20:32:28.125240 :: def_addr 360 Industrial Pkwy S unit#5, Aurora, ON L4G 3V7
2023-11-30 20:32:28.141285 :: def_web_page shadowed-glass.ca
2023-11-30 20:32:28.141285 :: def_phone (647) 802-5661
2023-11-30 20:32:28.141285 :: <<<< 43.7182639,-79.7076911,10zauto tintingToronto3 >>>>
2023-11-30 20:32:28.141285 :: <<<< 43.7182639,-79.7076911,10zauto tintingToronto3 >>>>
2023-11-30 20:32:29.317100 :: GETTING DATA counter: 3
2023-11-30 20:32:39.325463 :: --- CONTINUE ---
2023-11-30 20:32:42.763354 :: get data from element
2023-11-30 20:32:42.782410 :: def_addr 1200 Twinney Dr #12, Newmarket, ON L3Y 9E4
2023-11-30 20:32:42.782410 :: def_web_page dworksautotintanddetailing.com
2023-11-30 20:32:42.800421 :: def_phone (289) 338-2642
2023-11-30 20:32:42.800421 :: <<<< 43.7182639,-79.7076911,10zauto tintingToronto4 >>>>
2023-11-30 20:32:42.800421 :: <<<< 43.7182639,-79.7076911,10zauto tintingToronto4 >>>>
2023-11-30 20:32:43.957896 :: GETTING DATA counter: 4
2023-11-30 20:32:53.972164 :: --- CONTINUE ---
2023-11-30 20:32:57.368388 :: get data from element
2023-11-30 20:32:57.384399 :: def_addr 50 Pippin Rd Unit #70, Concord, ON L4J 4M4
2023-11-30 20:32:57.384399 :: def_web_page instagram.com
2023-11-30 20:32:57.400170 :: def_phone (416) 704-8468
2023-11-30 20:32:57.400170 :: <<<< 43.7182639,-79.7076911,10zauto tintingToronto5 >>>>
2023-11-30 20:32:57.400170 :: <<<< 43.7182639,-79.7076911,10zauto tintingToronto5 >>>>
2023-11-30 20:32:58.526743 :: GETTING DATA counter: 5
2023-11-30 20:33:08.536992 :: --- CONTINUE ---
2023-11-30 20:33:11.848945 :: get data from element
2023-11-30 20:33:11.864584 :: def_addr 11 Heritage Rd, Markham, ON L3P 1M3
2023-11-30 20:33:11.881478 :: def_web_page fxauto.com
2023-11-30 20:33:11.891181 :: def_phone (905) 471-7555
2023-11-30 20:33:11.891181 :: <<<< 43.7182639,-79.7076911,10zauto tintingToronto6 >>>>
2023-11-30 20:33:11.891181 :: <<<< 43.7182639,-79.7076911,10zauto tintingToronto6 >>>>
2023-11-30 20:33:13.021014 :: GETTING DATA counter: 6
2023-11-30 20:33:23.030177 :: --- CONTINUE ---
2023-11-30 20:33:26.356646 :: get data from element
2023-11-30 20:33:26.374554 :: def_addr 200 Mulock Dr, Newmarket, ON L3Y 9B6
2023-11-30 20:33:26.389601 :: def_web_page detailingshop.ca
2023-11-30 20:33:26.403986 :: def_phone (905) 853-3113
2023-11-30 20:33:26.403986 :: <<<< 43.7182639,-79.7076911,10zauto tintingToronto7 >>>>
2023-11-30 20:33:26.403986 :: <<<< 43.7182639,-79.7076911,10zauto tintingToronto7 >>>>
2023-11-30 20:33:27.550207 :: GETTING DATA counter: 7
2023-11-30 20:33:37.569090 :: --- CONTINUE ---
2023-11-30 20:33:40.950710 :: get data from element
2023-11-30 20:33:40.966371 :: def_addr 190 Bullock Dr Unit #16, Markham, ON L3P 7N3
2023-11-30 20:33:50.995327 :: <<<< 43.7182639,-79.7076911,10zauto tintingToronto8 >>>>
2023-11-30 20:33:50.995327 :: <<<< 43.7182639,-79.7076911,10zauto tintingToronto8 >>>>
2023-11-30 20:33:52.167590 :: GETTING DATA counter: 8
2023-11-30 20:34:02.173706 :: --- CONTINUE ---
2023-11-30 20:34:05.582490 :: get data from element
2023-11-30 20:34:05.598582 :: def_addr 8600 Keele St Unit # 9, Concord, ON L4K 4H8
2023-11-30 20:34:05.613599 :: def_web_page windowtintingservices.com
2023-11-30 20:34:05.613599 :: def_phone (905) 532-0333
2023-11-30 20:34:05.613599 :: <<<< 43.7182639,-79.7076911,10zauto tintingToronto9 >>>>
2023-11-30 20:34:05.613599 :: <<<< 43.7182639,-79.7076911,10zauto tintingToronto9 >>>>
2023-11-30 20:34:06.765257 :: GETTING DATA counter: 9
2023-11-30 20:34:16.781177 :: --- CONTINUE ---
2023-11-30 20:34:20.127460 :: get data from element
2023-11-30 20:34:20.143070 :: def_addr 156 Chrislea Rd #4, Woodbridge, ON L4L 8V1
2023-11-30 20:34:20.143070 :: def_web_page elitetint.ca
2023-11-30 20:34:30.164848 :: <<<< 43.7182639,-79.7076911,10zauto tintingToronto10 >>>>
2023-11-30 20:34:30.164848 :: <<<< 43.7182639,-79.7076911,10zauto tintingToronto10 >>>>
2023-11-30 20:34:31.341096 :: GETTING DATA counter: 10
2023-11-30 20:34:41.352982 :: --- CONTINUE ---
2023-11-30 20:34:44.691893 :: get data from element
2023-11-30 20:34:44.707516 :: def_addr 21 Bradwick Dr Unit 8, Vaughan, ON L4K 2T4
2023-11-30 20:34:44.723154 :: def_web_page srstints.ca
2023-11-30 20:34:44.723154 :: def_phone (905) 769-0461
2023-11-30 20:34:44.723154 :: <<<< 43.7182639,-79.7076911,10zauto tintingToronto11 >>>>
2023-11-30 20:34:44.723154 :: <<<< 43.7182639,-79.7076911,10zauto tintingToronto11 >>>>
2023-11-30 20:34:45.870129 :: GETTING DATA counter: 11
2023-11-30 20:34:55.879442 :: --- CONTINUE ---
2023-11-30 20:34:59.204058 :: get data from element
2023-11-30 20:34:59.223638 :: def_addr 230 Don Park Rd, Markham, ON L3R 2P7
2023-11-30 20:34:59.225745 :: def_web_page ejautotinting.com
2023-11-30 20:34:59.241370 :: def_phone (905) 470-1780
2023-11-30 20:34:59.241370 :: <<<< 43.7182639,-79.7076911,10zauto tintingToronto12 >>>>
2023-11-30 20:34:59.241370 :: <<<< 43.7182639,-79.7076911,10zauto tintingToronto12 >>>>
2023-11-30 20:35:00.386939 :: GETTING DATA counter: 12
2023-11-30 20:35:10.399094 :: --- CONTINUE ---
2023-11-30 20:35:13.803370 :: get data from element
2023-11-30 20:35:13.819013 :: def_addr 4801 Keele St unit 3, North York, ON M3J 3A4
2023-11-30 20:35:23.858354 :: <<<< 43.7182639,-79.7076911,10zauto tintingToronto13 >>>>
2023-11-30 20:35:23.858354 :: <<<< 43.7182639,-79.7076911,10zauto tintingToronto13 >>>>
2023-11-30 20:35:25.010005 :: GETTING DATA counter: 13
2023-11-30 20:35:35.021826 :: --- CONTINUE ---
2023-11-30 20:35:38.359904 :: get data from element
2023-11-30 20:35:38.375513 :: def_addr 152 Bullock Dr unit 11, Markham, ON L3P 1W2
2023-11-30 20:35:38.375513 :: def_web_page markhamwindowtint.com
2023-11-30 20:35:38.391120 :: <<<< 43.7182639,-79.7076911,10zauto tintingToronto14 >>>>
2023-11-30 20:35:38.391120 :: <<<< 43.7182639,-79.7076911,10zauto tintingToronto14 >>>>
2023-11-30 20:35:39.525017 :: GETTING DATA counter: 14
2023-11-30 20:35:40.362729 :: --- CONTINUE ---
2023-11-30 20:35:56.605599 :: Done except?
2023-11-30 20:35:56.605599 :: GETTING DATA counter: 15
2023-11-30 20:36:02.663395 :: Done except?
2023-11-30 20:36:02.663395 :: GETTING DATA counter: 16
2023-11-30 20:36:04.681201 :: Done except?
2023-11-30 20:36:04.681201 :: GETTING DATA counter: 17
2023-11-30 20:36:20.787248 :: Done except?
2023-11-30 20:36:20.787248 :: GETTING DATA counter: 18
2023-11-30 20:36:36.904778 :: Done except?
2023-11-30 20:36:36.904778 :: GETTING DATA counter: 19
2023-11-30 20:36:53.177759 :: Done except?
2023-11-30 20:36:53.177759 :: GETTING DATA counter: 20
2023-11-30 20:37:09.441792 :: Done except?
2023-11-30 20:37:09.441792 :: GETTING DATA counter: 21
2023-11-30 20:37:25.709154 :: Done except?
2023-11-30 20:37:25.709154 :: GETTING DATA counter: 22
2023-11-30 20:37:41.957474 :: Done except?
2023-11-30 20:37:41.957474 :: GETTING DATA counter: 23
2023-11-30 20:37:58.201669 :: Done except?
2023-11-30 20:37:58.201669 :: break
2023-11-30 20:37:58.201669 :: SPENT time forauto tinting - 0:07:39.123129