
2023-11-30 20:30:17.070057 :: Start
2023-11-30 20:30:19.078540 :: PROCESS FOR -xpel ppfSTARTED
2023-11-30 20:30:19.078540 :: https://www.google.com/maps/@43.7182639,-79.7076911,10z?entry=ttu
2023-11-30 20:30:27.983792 :: DATA for searching:
LOCATION:43.7182639,-79.7076911,10z
INTEREST:xpel ppf
CITY:Toronto
2023-11-30 20:30:28.146703 :: Insert key-word:xpel ppf
2023-11-30 20:30:35.269516 :: List item found:<selenium.webdriver.remote.webelement.WebElement (session="2cbe5278-ca28-4d1f-8b10-47087d1ebca0", element="73e7cb89-cb0b-4de4-9a6d-7f0f25c7318f")>
2023-11-30 20:30:35.275046 :: One scroll - 1500
2023-11-30 20:30:37.275377 :: One scroll - 1500
2023-11-30 20:30:39.291385 :: One scroll - 1500
2023-11-30 20:30:41.299811 :: One scroll - 1500
2023-11-30 20:30:43.304584 :: One scroll - 1500
2023-11-30 20:30:45.319787 :: One scroll - 1500
2023-11-30 20:30:47.322977 :: One scroll - 1500
2023-11-30 20:30:49.337717 :: One scroll - 1500
2023-11-30 20:30:51.339623 :: One scroll - 1500
2023-11-30 20:30:53.356520 :: One scroll - 1500
2023-11-30 20:30:55.359491 :: timer ++ 2
2023-11-30 20:30:55.364579 :: One scroll - 1500
2023-11-30 20:30:58.383343 :: One scroll - 1500
2023-11-30 20:31:01.392772 :: One scroll - 1500
2023-11-30 20:31:04.396901 :: One scroll - 1500
2023-11-30 20:31:07.401069 :: One scroll - 1500
2023-11-30 20:31:10.414572 :: One scroll - 1500
2023-11-30 20:31:13.419729 :: One scroll - 1500
2023-11-30 20:31:16.425852 :: One scroll - 1500
2023-11-30 20:31:19.437138 :: One scroll - 1500
2023-11-30 20:31:22.441398 :: One scroll - 1500
2023-11-30 20:31:25.447478 :: timer ++ 3
2023-11-30 20:31:25.447478 :: GETTING DATA counter: 0
2023-11-30 20:31:35.475537 :: --- CONTINUE ---
2023-11-30 20:31:38.863458 :: get data from element
2023-11-30 20:31:38.880589 :: def_addr 1755 Plummer St Unit #3, Pickering, ON L1W 3S1
2023-11-30 20:31:38.896882 :: def_web_page avotto.ca
2023-11-30 20:31:38.912497 :: def_phone (647) 236-1355
2023-11-30 20:31:38.912497 :: <<<< 43.7182639,-79.7076911,10zxpel ppfToronto1 >>>>
2023-11-30 20:31:38.912497 :: <<<< 43.7182639,-79.7076911,10zxpel ppfToronto1 >>>>
2023-11-30 20:31:40.028313 :: GETTING DATA counter: 1
2023-11-30 20:31:50.049583 :: --- CONTINUE ---
2023-11-30 20:31:53.368205 :: get data from element
2023-11-30 20:31:53.384238 :: def_addr 20 Jutland Rd, Etobicoke, ON M8Z 2G9
2023-11-30 20:31:53.399883 :: def_web_page ceramicpro-toronto.com
2023-11-30 20:31:53.399883 :: def_phone (416) 897-5675
2023-11-30 20:31:53.399883 :: <<<< 43.7182639,-79.7076911,10zxpel ppfToronto2 >>>>
2023-11-30 20:31:53.399883 :: <<<< 43.7182639,-79.7076911,10zxpel ppfToronto2 >>>>
2023-11-30 20:31:54.528790 :: GETTING DATA counter: 2
2023-11-30 20:32:04.533043 :: --- CONTINUE ---
2023-11-30 20:32:07.819119 :: get data from element
2023-11-30 20:32:07.835858 :: def_addr 161 N Rivermede Rd unit 2B, Concord, ON L4K 3N6
2023-11-30 20:32:07.835858 :: def_web_page torontoppf.com
2023-11-30 20:32:07.851499 :: def_phone (647) 687-6199
2023-11-30 20:32:07.851499 :: <<<< 43.7182639,-79.7076911,10zxpel ppfToronto3 >>>>
2023-11-30 20:32:07.851499 :: <<<< 43.7182639,-79.7076911,10zxpel ppfToronto3 >>>>
2023-11-30 20:32:08.985530 :: GETTING DATA counter: 3
2023-11-30 20:32:18.996884 :: --- CONTINUE ---
2023-11-30 20:32:22.296215 :: get data from element
2023-11-30 20:32:22.311807 :: def_addr 305A Red Maple Rd, Richmond Hill, ON L4C 6P2
2023-11-30 20:32:22.327852 :: def_web_page amp-motorsports.com
2023-11-30 20:32:22.343509 :: def_phone (905) 760-1589
2023-11-30 20:32:22.343509 :: <<<< 43.7182639,-79.7076911,10zxpel ppfToronto4 >>>>
2023-11-30 20:32:22.343509 :: <<<< 43.7182639,-79.7076911,10zxpel ppfToronto4 >>>>
2023-11-30 20:32:23.471459 :: GETTING DATA counter: 4
2023-11-30 20:32:33.479633 :: --- CONTINUE ---
2023-11-30 20:32:36.777159 :: get data from element
2023-11-30 20:32:36.792787 :: def_addr 373 Wyecroft Rd A, Oakville, ON L6K 2H2
2023-11-30 20:32:36.808408 :: def_web_page inceptionautodetailing.com
2023-11-30 20:32:46.814753 :: <<<< 43.7182639,-79.7076911,10zxpel ppfToronto5 >>>>
2023-11-30 20:32:46.814753 :: <<<< 43.7182639,-79.7076911,10zxpel ppfToronto5 >>>>
2023-11-30 20:32:47.939593 :: GETTING DATA counter: 5
2023-11-30 20:32:57.948628 :: --- CONTINUE ---
2023-11-30 20:33:01.283068 :: get data from element
2023-11-30 20:33:01.307249 :: def_addr 5050 Dufferin St #102, North York, ON M3H 5S8
2023-11-30 20:33:11.318304 :: <<<< 43.7182639,-79.7076911,10zxpel ppfToronto6 >>>>
2023-11-30 20:33:11.318304 :: <<<< 43.7182639,-79.7076911,10zxpel ppfToronto6 >>>>
2023-11-30 20:33:12.443364 :: GETTING DATA counter: 6
2023-11-30 20:33:22.449393 :: --- CONTINUE ---
2023-11-30 20:33:25.752466 :: get data from element
2023-11-30 20:33:25.781355 :: def_addr 132 Railside Rd Unit 8, North York, ON M3A 1B2
2023-11-30 20:33:25.797390 :: def_web_page thesixautopro.com
2023-11-30 20:33:25.808548 :: def_phone (437) 780-3807
2023-11-30 20:33:25.808548 :: <<<< 43.7182639,-79.7076911,10zxpel ppfToronto7 >>>>
2023-11-30 20:33:25.808548 :: <<<< 43.7182639,-79.7076911,10zxpel ppfToronto7 >>>>
2023-11-30 20:33:26.931284 :: GETTING DATA counter: 7
2023-11-30 20:33:36.939493 :: --- CONTINUE ---
2023-11-30 20:33:40.221487 :: get data from element
2023-11-30 20:33:40.237981 :: def_addr 160 Applewood Crescent Unit 5, Concord, ON L4K 4H2
2023-11-30 20:33:50.258798 :: def_phone (437) 577-3672
2023-11-30 20:33:50.258798 :: <<<< 43.7182639,-79.7076911,10zxpel ppfToronto8 >>>>
2023-11-30 20:33:50.258798 :: <<<< 43.7182639,-79.7076911,10zxpel ppfToronto8 >>>>
2023-11-30 20:33:51.389133 :: GETTING DATA counter: 8
2023-11-30 20:34:01.396393 :: --- CONTINUE ---
2023-11-30 20:34:04.695875 :: get data from element
2023-11-30 20:34:04.711368 :: def_addr 360 Industrial Pkwy S unit#5, Aurora, ON L4G 3V7
2023-11-30 20:34:04.727003 :: def_web_page shadowed-glass.ca
2023-11-30 20:34:04.742629 :: def_phone (647) 802-5661
2023-11-30 20:34:04.742629 :: <<<< 43.7182639,-79.7076911,10zxpel ppfToronto9 >>>>
2023-11-30 20:34:04.742629 :: <<<< 43.7182639,-79.7076911,10zxpel ppfToronto9 >>>>
2023-11-30 20:34:05.855020 :: GETTING DATA counter: 9
2023-11-30 20:34:15.867139 :: --- CONTINUE ---
2023-11-30 20:34:19.142715 :: get data from element
2023-11-30 20:34:19.158211 :: def_addr 21 Bradwick Dr Unit 8, Vaughan, ON L4K 2T4
2023-11-30 20:34:19.158211 :: def_web_page srstints.ca
2023-11-30 20:34:19.173833 :: def_phone (905) 769-0461
2023-11-30 20:34:19.173833 :: <<<< 43.7182639,-79.7076911,10zxpel ppfToronto10 >>>>
2023-11-30 20:34:19.173833 :: <<<< 43.7182639,-79.7076911,10zxpel ppfToronto10 >>>>
2023-11-30 20:34:20.284475 :: GETTING DATA counter: 10
2023-11-30 20:34:30.290152 :: --- CONTINUE ---
2023-11-30 20:34:33.580429 :: get data from element
2023-11-30 20:34:33.603331 :: def_addr 1073 Britannia Rd E, Mississauga, ON L4W 3X1
2023-11-30 20:34:33.605407 :: def_web_page carcafe.ca
2023-11-30 20:34:33.623047 :: def_phone (437) 985-3327
2023-11-30 20:34:33.623047 :: <<<< 43.7182639,-79.7076911,10zxpel ppfToronto11 >>>>
2023-11-30 20:34:33.623047 :: <<<< 43.7182639,-79.7076911,10zxpel ppfToronto11 >>>>
2023-11-30 20:34:34.747613 :: GETTING DATA counter: 11
2023-11-30 20:34:44.754855 :: --- CONTINUE ---
2023-11-30 20:34:48.115465 :: get data from element
2023-11-30 20:34:48.148730 :: def_addr 160 Port Royal Ave, Kleinburg, ON L4H 3X7
2023-11-30 20:34:48.162736 :: def_web_page jj-tints.business.site
2023-11-30 20:34:48.162736 :: def_phone (647) 204-4426
2023-11-30 20:34:48.162736 :: <<<< 43.7182639,-79.7076911,10zxpel ppfToronto12 >>>>
2023-11-30 20:34:48.162736 :: <<<< 43.7182639,-79.7076911,10zxpel ppfToronto12 >>>>
2023-11-30 20:34:49.294139 :: GETTING DATA counter: 12
2023-11-30 20:34:59.304293 :: --- CONTINUE ---
2023-11-30 20:35:02.611249 :: get data from element
2023-11-30 20:35:02.642500 :: def_addr 161 N Rivermede Rd unit 2A, Concord, ON L4K 3N6
2023-11-30 20:35:02.658160 :: def_web_page inzenskininc.com
2023-11-30 20:35:02.667669 :: def_phone (647) 687-6199
2023-11-30 20:35:02.667669 :: <<<< 43.7182639,-79.7076911,10zxpel ppfToronto13 >>>>
2023-11-30 20:35:02.667669 :: <<<< 43.7182639,-79.7076911,10zxpel ppfToronto13 >>>>
2023-11-30 20:35:03.810051 :: GETTING DATA counter: 13
2023-11-30 20:35:13.819013 :: --- CONTINUE ---
2023-11-30 20:35:17.106702 :: get data from element
2023-11-30 20:35:17.122336 :: def_addr 171 Maplecrete Rd Unit 5, Concord, ON L4K 2B4
2023-11-30 20:35:17.138407 :: def_web_page ppfmaster.to
2023-11-30 20:35:17.154229 :: def_phone (647) 937-3714
2023-11-30 20:35:17.154229 :: <<<< 43.7182639,-79.7076911,10zxpel ppfToronto14 >>>>
2023-11-30 20:35:17.154229 :: <<<< 43.7182639,-79.7076911,10zxpel ppfToronto14 >>>>
2023-11-30 20:35:18.281337 :: GETTING DATA counter: 14
2023-11-30 20:35:28.288386 :: --- CONTINUE ---
2023-11-30 20:35:31.574300 :: get data from element
2023-11-30 20:35:31.601249 :: def_addr 225 Traders Blvd E Unit 1, Mississauga, ON L4Z 3L8
2023-11-30 20:35:31.614250 :: def_web_page srstints.ca
2023-11-30 20:35:31.618859 :: def_phone (905) 766-3367
2023-11-30 20:35:31.618859 :: <<<< 43.7182639,-79.7076911,10zxpel ppfToronto15 >>>>
2023-11-30 20:35:31.618859 :: <<<< 43.7182639,-79.7076911,10zxpel ppfToronto15 >>>>
2023-11-30 20:35:32.777448 :: GETTING DATA counter: 15
2023-11-30 20:35:40.397356 :: --- CONTINUE ---
2023-11-30 20:35:56.670680 :: Done except?
2023-11-30 20:35:56.670680 :: GETTING DATA counter: 16
2023-11-30 20:36:02.725382 :: Done except?
2023-11-30 20:36:02.725382 :: GETTING DATA counter: 17
2023-11-30 20:36:18.872172 :: Done except?
2023-11-30 20:36:18.872172 :: GETTING DATA counter: 18
2023-11-30 20:36:34.987245 :: Done except?
2023-11-30 20:36:34.987245 :: GETTING DATA counter: 19
2023-11-30 20:36:51.284431 :: Done except?
2023-11-30 20:36:51.284431 :: GETTING DATA counter: 20
2023-11-30 20:37:07.567388 :: Done except?
2023-11-30 20:37:07.567388 :: GETTING DATA counter: 21
2023-11-30 20:37:23.842475 :: Done except?
2023-11-30 20:37:23.842475 :: GETTING DATA counter: 22
2023-11-30 20:37:40.131454 :: Done except?
2023-11-30 20:37:40.131454 :: GETTING DATA counter: 23
2023-11-30 20:37:56.441801 :: Done except?
2023-11-30 20:37:56.441801 :: GETTING DATA counter: 24
2023-11-30 20:38:04.591142 :: Done except?
2023-11-30 20:38:04.591142 :: break
2023-11-30 20:38:04.591142 :: SPENT time forxpel ppf - 0:07:45.512602