
2024-08-12 21:05:19.662780 :: Start
2024-08-12 21:05:21.664542 :: PROCESS FOR - 3m ppf STARTED
2024-08-12 21:05:21.665510 :: https://www.google.com/maps/@25.4698105,-80.4734476,14z?entry=ttu
2024-08-12 21:05:28.215785 :: open site - https://www.google.com/maps/@25.4698105,-80.4734476,14z?entry=ttu
2024-08-12 21:05:30.353650 :: DATA for searching:
LOCATION:25.4698105,-80.4734476,14z
INTEREST:3m ppf
CITY:Homestead
2024-08-12 21:05:30.688778 :: search  - 3m ppf
2024-08-12 21:05:30.688778 :: Insert key-word:3m ppf
2024-08-12 21:05:32.956051 :: pressed search button
2024-08-12 21:05:36.983932 :: List item found:<selenium.webdriver.remote.webelement.WebElement (session="f7efe859-a974-45bb-a07c-5fa35f75c6eb", element="6b0fa1de-420c-40ad-bf57-4ff386a97b94")>
2024-08-12 21:05:36.999447 :: One scroll - 1500
2024-08-12 21:05:39.014815 :: One scroll - 1500
2024-08-12 21:05:41.031372 :: One scroll - 1500
2024-08-12 21:05:43.038641 :: One scroll - 1500
2024-08-12 21:05:45.055259 :: One scroll - 1500
2024-08-12 21:05:47.071770 :: One scroll - 1500
2024-08-12 21:05:49.086189 :: One scroll - 1500
2024-08-12 21:05:51.093533 :: One scroll - 1500
2024-08-12 21:05:53.106780 :: One scroll - 1500
2024-08-12 21:05:55.112323 :: One scroll - 1500
2024-08-12 21:05:57.126167 :: timer ++ 2
2024-08-12 21:05:57.132167 :: One scroll - 1500
2024-08-12 21:06:00.138675 :: One scroll - 1500
2024-08-12 21:06:03.157237 :: One scroll - 1500
2024-08-12 21:06:06.171867 :: One scroll - 1500
2024-08-12 21:06:09.188783 :: One scroll - 1500
2024-08-12 21:06:12.206010 :: One scroll - 1500
2024-08-12 21:06:15.224985 :: One scroll - 1500
2024-08-12 21:06:18.236338 :: One scroll - 1500
2024-08-12 21:06:21.251865 :: One scroll - 1500
2024-08-12 21:06:24.259505 :: One scroll - 1500
2024-08-12 21:06:27.260437 :: timer ++ 3
2024-08-12 21:06:27.264437 :: SPENT time for3m ppf - 0:01:05.599895