
2024-08-12 21:04:29.417210 :: Start
2024-08-12 21:04:31.425468 :: PROCESS FOR - tinting STARTED
2024-08-12 21:04:31.425468 :: https://www.google.com/maps/@25.7825389,-80.3118592,12z?entry=ttu
2024-08-12 21:04:37.618740 :: open site - https://www.google.com/maps/@25.7825389,-80.3118592,12z?entry=ttu
2024-08-12 21:04:40.950304 :: DATA for searching:
LOCATION:25.7825389,-80.3118592,12z
INTEREST:tinting
CITY:Miami
2024-08-12 21:04:41.076839 :: search  - tinting
2024-08-12 21:04:41.076839 :: Insert key-word:tinting
2024-08-12 21:04:43.363913 :: pressed search button
2024-08-12 21:04:47.388553 :: List item found:<selenium.webdriver.remote.webelement.WebElement (session="1e5488f3-1175-4e7a-891e-4a38dfb91dc9", element="eea54758-258d-4db7-8929-9fd0bdd2f7bd")>
2024-08-12 21:04:47.393581 :: One scroll - 1500
2024-08-12 21:04:49.402124 :: One scroll - 1500
2024-08-12 21:04:51.419591 :: One scroll - 1500
2024-08-12 21:04:53.433935 :: One scroll - 1500
2024-08-12 21:04:55.465929 :: One scroll - 1500
2024-08-12 21:04:57.476197 :: One scroll - 1500
2024-08-12 21:04:59.491312 :: One scroll - 1500
2024-08-12 21:05:01.508381 :: One scroll - 1500
2024-08-12 21:05:03.512487 :: One scroll - 1500
2024-08-12 21:05:05.531273 :: One scroll - 1500
2024-08-12 21:05:07.541382 :: timer ++ 2
2024-08-12 21:05:07.546382 :: One scroll - 1500
2024-08-12 21:05:10.564547 :: One scroll - 1500
2024-08-12 21:05:13.583012 :: One scroll - 1500
2024-08-12 21:05:16.601833 :: One scroll - 1500
2024-08-12 21:05:19.619768 :: One scroll - 1500
2024-08-12 21:05:22.629349 :: One scroll - 1500
2024-08-12 21:05:25.642231 :: One scroll - 1500
2024-08-12 21:05:28.652896 :: One scroll - 1500
2024-08-12 21:05:31.666883 :: One scroll - 1500
2024-08-12 21:05:34.687141 :: One scroll - 1500
2024-08-12 21:05:37.690475 :: timer ++ 3
2024-08-12 21:05:37.693475 :: SPENT time fortinting - 0:01:06.268007