
2024-08-12 20:55:19.176712 :: Start
2024-08-12 20:55:21.182027 :: PROCESS FOR - 3m ppf STARTED
2024-08-12 20:55:21.182027 :: https://www.google.com/maps/@26.3729004,-80.158565,13z?entry=ttu
2024-08-12 20:55:27.539705 :: open site - https://www.google.com/maps/@26.3729004,-80.158565,13z?entry=ttu
2024-08-12 20:55:30.291146 :: DATA for searching:
LOCATION:26.3729004,-80.158565,13z
INTEREST:3m ppf
CITY:Boca Raton
2024-08-12 20:55:30.580128 :: search  - 3m ppf
2024-08-12 20:55:30.580128 :: Insert key-word:3m ppf
2024-08-12 20:55:32.853166 :: pressed search button
2024-08-12 20:55:36.882466 :: List item found:<selenium.webdriver.remote.webelement.WebElement (session="6aacada0-e5aa-400d-81de-abd68f9025f9", element="6d9b55f0-2dbe-4acc-9393-4c9e48676765")>
2024-08-12 20:55:36.907475 :: One scroll - 1500
2024-08-12 20:55:38.921905 :: One scroll - 1500
2024-08-12 20:55:40.931620 :: One scroll - 1500
2024-08-12 20:55:42.939159 :: One scroll - 1500
2024-08-12 20:55:44.943626 :: One scroll - 1500
2024-08-12 20:55:46.957304 :: One scroll - 1500
2024-08-12 20:55:48.975547 :: One scroll - 1500
2024-08-12 20:55:50.981476 :: One scroll - 1500
2024-08-12 20:55:52.988425 :: One scroll - 1500
2024-08-12 20:55:55.005742 :: One scroll - 1500
2024-08-12 20:55:57.018537 :: timer ++ 2
2024-08-12 20:55:57.026538 :: One scroll - 1500
2024-08-12 20:56:00.043360 :: One scroll - 1500
2024-08-12 20:56:03.063513 :: One scroll - 1500
2024-08-12 20:56:06.079599 :: One scroll - 1500
2024-08-12 20:56:09.093095 :: One scroll - 1500
2024-08-12 20:56:12.109377 :: One scroll - 1500
2024-08-12 20:56:15.121027 :: One scroll - 1500
2024-08-12 20:56:18.129830 :: One scroll - 1500
2024-08-12 20:56:21.147918 :: One scroll - 1500
2024-08-12 20:56:24.169765 :: One scroll - 1500
2024-08-12 20:56:27.178358 :: timer ++ 3
2024-08-12 20:56:27.183356 :: SPENT time for3m ppf - 0:01:06.001329