
2024-08-12 20:53:39.037682 :: Start
2024-08-12 20:53:41.051531 :: PROCESS FOR - xpel ppf STARTED
2024-08-12 20:53:41.051531 :: https://www.google.com/maps/@28.4332443,-81.4682186,10.75z?entry=ttu
2024-08-12 20:53:46.978832 :: open site - https://www.google.com/maps/@28.4332443,-81.4682186,10.75z?entry=ttu
2024-08-12 20:53:48.943980 :: DATA for searching:
LOCATION:28.4332443,-81.4682186,10.75z
INTEREST:xpel ppf
CITY:Orlando
2024-08-12 20:53:49.304751 :: search  - xpel ppf
2024-08-12 20:53:49.304751 :: Insert key-word:xpel ppf
2024-08-12 20:53:51.621205 :: pressed search button
2024-08-12 20:53:55.638716 :: List item found:<selenium.webdriver.remote.webelement.WebElement (session="35d03f84-5a94-48bd-bc79-f987ffb075b2", element="fd79c5fe-8c16-415c-a736-e35da203e853")>
2024-08-12 20:53:55.645458 :: One scroll - 1500
2024-08-12 20:53:57.662466 :: One scroll - 1500
2024-08-12 20:53:59.672848 :: One scroll - 1500
2024-08-12 20:54:01.734240 :: One scroll - 1500
2024-08-12 20:54:03.751788 :: One scroll - 1500
2024-08-12 20:54:05.755917 :: One scroll - 1500
2024-08-12 20:54:07.770592 :: One scroll - 1500
2024-08-12 20:54:09.779433 :: One scroll - 1500
2024-08-12 20:54:11.797709 :: One scroll - 1500
2024-08-12 20:54:13.800777 :: One scroll - 1500
2024-08-12 20:54:15.810071 :: timer ++ 2
2024-08-12 20:54:15.815072 :: One scroll - 1500
2024-08-12 20:54:18.821640 :: One scroll - 1500
2024-08-12 20:54:21.841177 :: One scroll - 1500
2024-08-12 20:54:24.853683 :: One scroll - 1500
2024-08-12 20:54:27.859535 :: One scroll - 1500
2024-08-12 20:54:30.876827 :: One scroll - 1500
2024-08-12 20:54:33.895113 :: One scroll - 1500
2024-08-12 20:54:36.906016 :: One scroll - 1500
2024-08-12 20:54:39.915461 :: One scroll - 1500
2024-08-12 20:54:42.921753 :: One scroll - 1500
2024-08-12 20:54:45.924770 :: timer ++ 3
2024-08-12 20:54:45.928774 :: SPENT time forxpel ppf - 0:01:04.876244