
2024-08-12 20:56:59.162966 :: Start
2024-08-12 20:57:01.165411 :: PROCESS FOR - car tint STARTED
2024-08-12 20:57:01.165411 :: https://www.google.com/maps/@26.251814,-80.1783165,13z?entry=ttu
2024-08-12 20:57:07.427702 :: open site - https://www.google.com/maps/@26.251814,-80.1783165,13z?entry=ttu
2024-08-12 20:57:09.563321 :: DATA for searching:
LOCATION:26.251814,-80.1783165,13z
INTEREST:car tint
CITY:Pompano Beach
2024-08-12 20:57:10.139665 :: search  - car tint
2024-08-12 20:57:10.139665 :: Insert key-word:car tint
2024-08-12 20:57:12.526391 :: pressed search button
2024-08-12 20:57:16.567415 :: List item found:<selenium.webdriver.remote.webelement.WebElement (session="478eab7c-5ea2-4149-be60-fcccd9387e70", element="8187a4b4-7330-4a17-8d8d-f15e0a03acc3")>
2024-08-12 20:57:16.574377 :: One scroll - 1500
2024-08-12 20:57:18.587517 :: One scroll - 1500
2024-08-12 20:57:20.595392 :: One scroll - 1500
2024-08-12 20:57:22.610836 :: One scroll - 1500
2024-08-12 20:57:24.653003 :: One scroll - 1500
2024-08-12 20:57:26.666650 :: One scroll - 1500
2024-08-12 20:57:28.676970 :: One scroll - 1500
2024-08-12 20:57:30.684308 :: One scroll - 1500
2024-08-12 20:57:32.695057 :: One scroll - 1500
2024-08-12 20:57:34.713141 :: One scroll - 1500
2024-08-12 20:57:36.715453 :: timer ++ 2
2024-08-12 20:57:36.723977 :: One scroll - 1500
2024-08-12 20:57:39.731002 :: One scroll - 1500
2024-08-12 20:57:42.752504 :: One scroll - 1500
2024-08-12 20:57:45.768651 :: One scroll - 1500
2024-08-12 20:57:48.776812 :: One scroll - 1500
2024-08-12 20:57:51.787801 :: One scroll - 1500
2024-08-12 20:57:54.815578 :: One scroll - 1500
2024-08-12 20:57:57.829591 :: One scroll - 1500
2024-08-12 20:58:00.850224 :: One scroll - 1500
2024-08-12 20:58:03.867113 :: One scroll - 1500
2024-08-12 20:58:06.869439 :: timer ++ 3
2024-08-12 20:58:06.904045 :: SPENT time forcar tint - 0:01:05.738634