
2024-08-12 20:58:39.478293 :: Start
2024-08-12 20:58:41.486945 :: PROCESS FOR - ppf STARTED
2024-08-12 20:58:41.486945 :: https://www.google.com/maps/@26.1211208,-80.1324666,13z?entry=ttu
2024-08-12 20:58:48.053106 :: open site - https://www.google.com/maps/@26.1211208,-80.1324666,13z?entry=ttu
2024-08-12 20:58:50.044438 :: DATA for searching:
LOCATION:26.1211208,-80.1324666,13z
INTEREST:ppf
CITY:Fort Lauderdale
2024-08-12 20:58:50.651947 :: search  - ppf
2024-08-12 20:58:50.655963 :: Insert key-word:ppf
2024-08-12 20:58:53.127472 :: pressed search button
2024-08-12 20:58:57.154262 :: List item found:<selenium.webdriver.remote.webelement.WebElement (session="bdaaa731-d526-48fa-b270-6b0c33425348", element="1ee9278a-1d0d-4913-a5cb-d57b92993355")>
2024-08-12 20:58:57.158768 :: One scroll - 1500
2024-08-12 20:58:59.174487 :: One scroll - 1500
2024-08-12 20:59:01.191413 :: One scroll - 1500
2024-08-12 20:59:03.210671 :: One scroll - 1500
2024-08-12 20:59:05.226586 :: One scroll - 1500
2024-08-12 20:59:07.251290 :: One scroll - 1500
2024-08-12 20:59:09.262787 :: One scroll - 1500
2024-08-12 20:59:11.267281 :: One scroll - 1500
2024-08-12 20:59:13.273656 :: One scroll - 1500
2024-08-12 20:59:15.291521 :: One scroll - 1500
2024-08-12 20:59:17.291908 :: timer ++ 2
2024-08-12 20:59:17.295418 :: One scroll - 1500
2024-08-12 20:59:20.302995 :: One scroll - 1500
2024-08-12 20:59:23.317964 :: One scroll - 1500
2024-08-12 20:59:26.331832 :: One scroll - 1500
2024-08-12 20:59:29.350737 :: One scroll - 1500
2024-08-12 20:59:32.367667 :: One scroll - 1500
2024-08-12 20:59:35.386477 :: One scroll - 1500
2024-08-12 20:59:38.396521 :: One scroll - 1500
2024-08-12 20:59:41.408856 :: One scroll - 1500
2024-08-12 20:59:44.435978 :: One scroll - 1500
2024-08-12 20:59:47.447706 :: timer ++ 3
2024-08-12 20:59:47.451700 :: SPENT time forppf - 0:01:05.964755