
2024-08-12 21:04:29.419210 :: Start
2024-08-12 21:04:31.425468 :: PROCESS FOR - ppf STARTED
2024-08-12 21:04:31.425468 :: https://www.google.com/maps/@25.4698105,-80.4734476,14z?entry=ttu
2024-08-12 21:04:37.294089 :: open site - https://www.google.com/maps/@25.4698105,-80.4734476,14z?entry=ttu
2024-08-12 21:04:39.382624 :: DATA for searching:
LOCATION:25.4698105,-80.4734476,14z
INTEREST:ppf
CITY:Homestead
2024-08-12 21:04:39.688054 :: search  - ppf
2024-08-12 21:04:39.688569 :: Insert key-word:ppf
2024-08-12 21:04:41.995633 :: pressed search button
2024-08-12 21:04:46.023022 :: List item found:<selenium.webdriver.remote.webelement.WebElement (session="1997042b-10f2-4149-9dae-cb88dfd995eb", element="8e85e2e7-3b42-496d-ad29-fbdf3aefc959")>
2024-08-12 21:04:46.031023 :: One scroll - 1500
2024-08-12 21:04:48.039627 :: One scroll - 1500
2024-08-12 21:04:50.052013 :: One scroll - 1500
2024-08-12 21:04:52.070876 :: One scroll - 1500
2024-08-12 21:04:54.086778 :: One scroll - 1500
2024-08-12 21:04:56.098401 :: One scroll - 1500
2024-08-12 21:04:58.106963 :: One scroll - 1500
2024-08-12 21:05:00.115628 :: One scroll - 1500
2024-08-12 21:05:02.131703 :: One scroll - 1500
2024-08-12 21:05:04.146797 :: One scroll - 1500
2024-08-12 21:05:06.161442 :: timer ++ 2
2024-08-12 21:05:06.166723 :: One scroll - 1500
2024-08-12 21:05:09.184926 :: One scroll - 1500
2024-08-12 21:05:12.204188 :: One scroll - 1500
2024-08-12 21:05:15.221722 :: One scroll - 1500
2024-08-12 21:05:18.225211 :: One scroll - 1500
2024-08-12 21:05:21.233029 :: One scroll - 1500
2024-08-12 21:05:24.252049 :: One scroll - 1500
2024-08-12 21:05:27.273153 :: One scroll - 1500
2024-08-12 21:05:30.302996 :: One scroll - 1500
2024-08-12 21:05:33.314823 :: One scroll - 1500
2024-08-12 21:05:36.329386 :: timer ++ 3
2024-08-12 21:05:36.333382 :: SPENT time forppf - 0:01:04.906914