
2024-08-12 21:01:09.339691 :: Start
2024-08-12 21:01:11.342241 :: PROCESS FOR - 3m ppf STARTED
2024-08-12 21:01:11.342241 :: https://www.google.com/maps/@26.0396872,-80.2165776,13z?entry=ttu
2024-08-12 21:01:17.289562 :: open site - https://www.google.com/maps/@26.0396872,-80.2165776,13z?entry=ttu
2024-08-12 21:01:19.310338 :: DATA for searching:
LOCATION:26.0396872,-80.2165776,13z
INTEREST:3m ppf
CITY:Hollywwood
2024-08-12 21:01:19.766471 :: search  - 3m ppf
2024-08-12 21:01:19.779474 :: Insert key-word:3m ppf
2024-08-12 21:01:22.036303 :: pressed search button
2024-08-12 21:01:26.068139 :: List item found:<selenium.webdriver.remote.webelement.WebElement (session="4c9b7e22-5e9a-4d11-a556-c44fe76687a3", element="beee6946-fe2e-4498-a9fa-e59d20a09d4a")>
2024-08-12 21:01:26.152459 :: One scroll - 1500
2024-08-12 21:01:28.174742 :: One scroll - 1500
2024-08-12 21:01:30.190108 :: One scroll - 1500
2024-08-12 21:01:32.205731 :: One scroll - 1500
2024-08-12 21:01:34.220079 :: One scroll - 1500
2024-08-12 21:01:36.224756 :: One scroll - 1500
2024-08-12 21:01:38.235564 :: One scroll - 1500
2024-08-12 21:01:40.250280 :: One scroll - 1500
2024-08-12 21:01:42.255170 :: One scroll - 1500
2024-08-12 21:01:44.269875 :: One scroll - 1500
2024-08-12 21:01:46.280367 :: timer ++ 2
2024-08-12 21:01:46.295371 :: One scroll - 1500
2024-08-12 21:01:49.309920 :: One scroll - 1500
2024-08-12 21:01:52.329778 :: One scroll - 1500
2024-08-12 21:01:55.339119 :: One scroll - 1500
2024-08-12 21:01:58.348762 :: One scroll - 1500
2024-08-12 21:02:01.354178 :: One scroll - 1500
2024-08-12 21:02:04.366919 :: One scroll - 1500
2024-08-12 21:02:07.384044 :: One scroll - 1500
2024-08-12 21:02:10.390590 :: One scroll - 1500
2024-08-12 21:02:13.399500 :: One scroll - 1500
2024-08-12 21:02:16.403630 :: timer ++ 3
2024-08-12 21:02:16.406594 :: SPENT time for3m ppf - 0:01:05.064353