
2024-08-12 21:01:59.290405 :: Start
2024-08-12 21:02:01.302660 :: PROCESS FOR - tint STARTED
2024-08-12 21:02:01.302660 :: https://www.google.com/maps/@26.0396872,-80.2165776,13z?entry=ttu
2024-08-12 21:02:07.266515 :: open site - https://www.google.com/maps/@26.0396872,-80.2165776,13z?entry=ttu
2024-08-12 21:02:09.358293 :: DATA for searching:
LOCATION:26.0396872,-80.2165776,13z
INTEREST:tint
CITY:Hollywwood
2024-08-12 21:02:09.730861 :: search  - tint
2024-08-12 21:02:09.736914 :: Insert key-word:tint
2024-08-12 21:02:12.097252 :: pressed search button
2024-08-12 21:02:16.111046 :: List item found:<selenium.webdriver.remote.webelement.WebElement (session="1cc1f54a-085c-4d5b-ab7f-29d29c95ff1f", element="b302dc2e-fb97-4979-ab32-5cac550ef477")>
2024-08-12 21:02:16.117052 :: One scroll - 1500
2024-08-12 21:02:18.139507 :: One scroll - 1500
2024-08-12 21:02:20.154939 :: One scroll - 1500
2024-08-12 21:02:22.173695 :: One scroll - 1500
2024-08-12 21:02:24.182810 :: One scroll - 1500
2024-08-12 21:02:26.200447 :: One scroll - 1500
2024-08-12 21:02:28.238864 :: One scroll - 1500
2024-08-12 21:02:30.253513 :: One scroll - 1500
2024-08-12 21:02:32.268589 :: One scroll - 1500
2024-08-12 21:02:34.280239 :: One scroll - 1500
2024-08-12 21:02:36.291189 :: timer ++ 2
2024-08-12 21:02:36.304133 :: One scroll - 1500
2024-08-12 21:02:39.318596 :: One scroll - 1500
2024-08-12 21:02:42.328839 :: One scroll - 1500
2024-08-12 21:02:45.335692 :: One scroll - 1500
2024-08-12 21:02:48.349314 :: One scroll - 1500
2024-08-12 21:02:51.358380 :: One scroll - 1500
2024-08-12 21:02:54.366585 :: One scroll - 1500
2024-08-12 21:02:57.389677 :: One scroll - 1500
2024-08-12 21:03:00.411486 :: One scroll - 1500
2024-08-12 21:03:03.428714 :: One scroll - 1500
2024-08-12 21:03:06.432935 :: timer ++ 3
2024-08-12 21:03:06.436938 :: SPENT time fortint - 0:01:05.134278