
2024-08-12 21:00:19.229009 :: Start
2024-08-12 21:00:21.235730 :: PROCESS FOR - tint STARTED
2024-08-12 21:00:21.235730 :: https://www.google.com/maps/@26.1211208,-80.1324666,13z?entry=ttu
2024-08-12 21:00:27.702342 :: open site - https://www.google.com/maps/@26.1211208,-80.1324666,13z?entry=ttu
2024-08-12 21:00:29.669285 :: DATA for searching:
LOCATION:26.1211208,-80.1324666,13z
INTEREST:tint
CITY:Fort Lauderdale
2024-08-12 21:00:30.038494 :: search  - tint
2024-08-12 21:00:30.038494 :: Insert key-word:tint
2024-08-12 21:00:32.339899 :: pressed search button
2024-08-12 21:00:36.367486 :: List item found:<selenium.webdriver.remote.webelement.WebElement (session="be1c7375-d6ae-4e87-af36-c95ec230382b", element="7f6da780-bcf5-4ed1-8cd8-46ba42482dcb")>
2024-08-12 21:00:36.372490 :: One scroll - 1500
2024-08-12 21:00:38.392382 :: One scroll - 1500
2024-08-12 21:00:40.397117 :: One scroll - 1500
2024-08-12 21:00:42.413042 :: One scroll - 1500
2024-08-12 21:00:44.424266 :: One scroll - 1500
2024-08-12 21:00:46.427887 :: One scroll - 1500
2024-08-12 21:00:48.446353 :: One scroll - 1500
2024-08-12 21:00:50.459513 :: One scroll - 1500
2024-08-12 21:00:52.468438 :: One scroll - 1500
2024-08-12 21:00:54.474884 :: One scroll - 1500
2024-08-12 21:00:56.482231 :: timer ++ 2
2024-08-12 21:00:56.490753 :: One scroll - 1500
2024-08-12 21:00:59.508183 :: One scroll - 1500
2024-08-12 21:01:02.526134 :: One scroll - 1500
2024-08-12 21:01:05.544105 :: One scroll - 1500
2024-08-12 21:01:08.550800 :: One scroll - 1500
2024-08-12 21:01:11.564550 :: One scroll - 1500
2024-08-12 21:01:14.584311 :: One scroll - 1500
2024-08-12 21:01:17.803327 :: One scroll - 1500
2024-08-12 21:01:20.827917 :: One scroll - 1500
2024-08-12 21:01:23.852379 :: One scroll - 1500
2024-08-12 21:01:26.853539 :: timer ++ 3
2024-08-12 21:01:26.859540 :: SPENT time fortint - 0:01:05.623810