
2024-08-12 20:55:19.175712 :: Start
2024-08-12 20:55:21.182898 :: PROCESS FOR - xpel ppf STARTED
2024-08-12 20:55:21.182898 :: https://www.google.com/maps/@26.3729004,-80.158565,13z?entry=ttu
2024-08-12 20:55:27.249751 :: open site - https://www.google.com/maps/@26.3729004,-80.158565,13z?entry=ttu
2024-08-12 20:55:29.089614 :: DATA for searching:
LOCATION:26.3729004,-80.158565,13z
INTEREST:xpel ppf
CITY:Boca Raton
2024-08-12 20:55:29.602531 :: search  - xpel ppf
2024-08-12 20:55:29.607531 :: Insert key-word:xpel ppf
2024-08-12 20:55:31.894055 :: pressed search button
2024-08-12 20:55:35.946717 :: List item found:<selenium.webdriver.remote.webelement.WebElement (session="93b77adb-016e-4725-b787-902fb7ebf751", element="98062b3b-a4a5-4178-a638-8ae8f25b8d3b")>
2024-08-12 20:55:35.950723 :: One scroll - 1500
2024-08-12 20:55:37.963132 :: One scroll - 1500
2024-08-12 20:55:39.973240 :: One scroll - 1500
2024-08-12 20:55:41.987541 :: One scroll - 1500
2024-08-12 20:55:44.002255 :: One scroll - 1500
2024-08-12 20:55:46.014835 :: One scroll - 1500
2024-08-12 20:55:48.020328 :: One scroll - 1500
2024-08-12 20:55:50.042839 :: One scroll - 1500
2024-08-12 20:55:52.056861 :: One scroll - 1500
2024-08-12 20:55:54.067255 :: One scroll - 1500
2024-08-12 20:55:56.081579 :: timer ++ 2
2024-08-12 20:55:56.105097 :: One scroll - 1500
2024-08-12 20:55:59.114122 :: One scroll - 1500
2024-08-12 20:56:02.121769 :: One scroll - 1500
2024-08-12 20:56:05.134324 :: One scroll - 1500
2024-08-12 20:56:08.141196 :: One scroll - 1500
2024-08-12 20:56:11.152252 :: One scroll - 1500
2024-08-12 20:56:14.171635 :: One scroll - 1500
2024-08-12 20:56:17.192507 :: One scroll - 1500
2024-08-12 20:56:20.296718 :: One scroll - 1500
2024-08-12 20:56:23.317942 :: One scroll - 1500
2024-08-12 20:56:26.326534 :: timer ++ 3
2024-08-12 20:56:26.331534 :: SPENT time forxpel ppf - 0:01:05.147645