
2024-08-12 20:52:48.918184 :: Start
2024-08-12 20:52:50.920386 :: PROCESS FOR - car tint STARTED
2024-08-12 20:52:50.920386 :: https://www.google.com/maps/@28.4332443,-81.4682186,10.75z?entry=ttu
2024-08-12 20:52:56.734832 :: open site - https://www.google.com/maps/@28.4332443,-81.4682186,10.75z?entry=ttu
2024-08-12 20:52:58.490216 :: DATA for searching:
LOCATION:28.4332443,-81.4682186,10.75z
INTEREST:car tint
CITY:Orlando
2024-08-12 20:52:58.741664 :: search  - car tint
2024-08-12 20:52:58.741664 :: Insert key-word:car tint
2024-08-12 20:53:01.015510 :: pressed search button
2024-08-12 20:53:05.035391 :: List item found:<selenium.webdriver.remote.webelement.WebElement (session="a255b303-19ed-48a6-9a9e-4b9eb581ea7f", element="870c7259-9ad4-4883-bd51-e20aacd3357b")>
2024-08-12 20:53:05.040393 :: One scroll - 1500
2024-08-12 20:53:07.056725 :: One scroll - 1500
2024-08-12 20:53:09.064014 :: One scroll - 1500
2024-08-12 20:53:11.074555 :: One scroll - 1500
2024-08-12 20:53:13.092527 :: One scroll - 1500
2024-08-12 20:53:15.111414 :: One scroll - 1500
2024-08-12 20:53:17.117639 :: One scroll - 1500
2024-08-12 20:53:19.132541 :: One scroll - 1500
2024-08-12 20:53:21.148462 :: One scroll - 1500
2024-08-12 20:53:23.152492 :: One scroll - 1500
2024-08-12 20:53:25.166571 :: timer ++ 2
2024-08-12 20:53:25.170563 :: One scroll - 1500
2024-08-12 20:53:28.188369 :: One scroll - 1500
2024-08-12 20:53:31.206328 :: One scroll - 1500
2024-08-12 20:53:34.215973 :: One scroll - 1500
2024-08-12 20:53:37.338058 :: One scroll - 1500
2024-08-12 20:53:40.347436 :: One scroll - 1500
2024-08-12 20:53:43.364868 :: One scroll - 1500
2024-08-12 20:53:46.377911 :: One scroll - 1500
2024-08-12 20:53:49.392758 :: One scroll - 1500
2024-08-12 20:53:52.409426 :: One scroll - 1500
2024-08-12 20:53:55.416487 :: timer ++ 3
2024-08-12 20:53:55.420490 :: SPENT time forcar tint - 0:01:04.500104