
2024-08-12 21:00:19.228007 :: Start
2024-08-12 21:00:21.234764 :: PROCESS FOR - ppf STARTED
2024-08-12 21:00:21.234764 :: https://www.google.com/maps/@26.0396872,-80.2165776,13z?entry=ttu
2024-08-12 21:00:27.486432 :: open site - https://www.google.com/maps/@26.0396872,-80.2165776,13z?entry=ttu
2024-08-12 21:00:29.689285 :: DATA for searching:
LOCATION:26.0396872,-80.2165776,13z
INTEREST:ppf
CITY:Hollywwood
2024-08-12 21:00:29.801817 :: search  - ppf
2024-08-12 21:00:29.801817 :: Insert key-word:ppf
2024-08-12 21:00:32.109832 :: pressed search button
2024-08-12 21:00:36.137070 :: List item found:<selenium.webdriver.remote.webelement.WebElement (session="a2bfeafb-3812-4f55-bfec-ee7f58d2a829", element="8d7703b3-3a61-40f8-9160-088f4689e419")>
2024-08-12 21:00:36.141068 :: One scroll - 1500
2024-08-12 21:00:38.158495 :: One scroll - 1500
2024-08-12 21:00:40.164896 :: One scroll - 1500
2024-08-12 21:00:42.179716 :: One scroll - 1500
2024-08-12 21:00:44.191162 :: One scroll - 1500
2024-08-12 21:00:46.213425 :: One scroll - 1500
2024-08-12 21:00:48.234250 :: One scroll - 1500
2024-08-12 21:00:50.247714 :: One scroll - 1500
2024-08-12 21:00:52.265533 :: One scroll - 1500
2024-08-12 21:00:54.274740 :: One scroll - 1500
2024-08-12 21:00:56.280184 :: timer ++ 2
2024-08-12 21:00:56.286183 :: One scroll - 1500
2024-08-12 21:00:59.303225 :: One scroll - 1500
2024-08-12 21:01:02.308217 :: One scroll - 1500
2024-08-12 21:01:05.312616 :: One scroll - 1500
2024-08-12 21:01:08.317965 :: One scroll - 1500
2024-08-12 21:01:11.331227 :: One scroll - 1500
2024-08-12 21:01:14.349655 :: One scroll - 1500
2024-08-12 21:01:17.360091 :: One scroll - 1500
2024-08-12 21:01:20.373340 :: One scroll - 1500
2024-08-12 21:01:23.391769 :: One scroll - 1500
2024-08-12 21:01:26.406525 :: timer ++ 3
2024-08-12 21:01:26.411525 :: SPENT time forppf - 0:01:05.176761