
2024-08-12 21:01:09.339691 :: Start
2024-08-12 21:01:11.343229 :: PROCESS FOR - auto tinting STARTED
2024-08-12 21:01:11.343229 :: https://www.google.com/maps/@26.0396872,-80.2165776,13z?entry=ttu
2024-08-12 21:01:17.618546 :: open site - https://www.google.com/maps/@26.0396872,-80.2165776,13z?entry=ttu
2024-08-12 21:01:19.616934 :: DATA for searching:
LOCATION:26.0396872,-80.2165776,13z
INTEREST:auto tinting
CITY:Hollywwood
2024-08-12 21:01:20.103289 :: search  - auto tinting
2024-08-12 21:01:20.103289 :: Insert key-word:auto tinting
2024-08-12 21:01:22.410432 :: pressed search button
2024-08-12 21:01:26.428558 :: List item found:<selenium.webdriver.remote.webelement.WebElement (session="9dab2a2c-9672-4928-9547-7cff1db3848e", element="364ddcb3-163c-4e1c-b750-6e8b95f4f8cf")>
2024-08-12 21:01:26.433557 :: One scroll - 1500
2024-08-12 21:01:28.452333 :: One scroll - 1500
2024-08-12 21:01:30.469116 :: One scroll - 1500
2024-08-12 21:01:32.491285 :: One scroll - 1500
2024-08-12 21:01:34.499123 :: One scroll - 1500
2024-08-12 21:01:36.518250 :: One scroll - 1500
2024-08-12 21:01:38.527662 :: One scroll - 1500
2024-08-12 21:01:40.546429 :: One scroll - 1500
2024-08-12 21:01:42.557839 :: One scroll - 1500
2024-08-12 21:01:44.567503 :: One scroll - 1500
2024-08-12 21:01:46.570939 :: timer ++ 2
2024-08-12 21:01:46.576943 :: One scroll - 1500
2024-08-12 21:01:49.590022 :: One scroll - 1500
2024-08-12 21:01:52.610271 :: One scroll - 1500
2024-08-12 21:01:55.616969 :: One scroll - 1500
2024-08-12 21:01:58.626440 :: One scroll - 1500
2024-08-12 21:02:01.632522 :: One scroll - 1500
2024-08-12 21:02:04.649801 :: One scroll - 1500
2024-08-12 21:02:07.665141 :: One scroll - 1500
2024-08-12 21:02:10.690203 :: One scroll - 1500
2024-08-12 21:02:13.705296 :: One scroll - 1500
2024-08-12 21:02:16.710540 :: timer ++ 3
2024-08-12 21:02:16.714544 :: SPENT time forauto tinting - 0:01:05.371315