
2024-08-12 21:06:09.443084 :: Start
2024-08-12 21:06:11.458691 :: PROCESS FOR - tinting STARTED
2024-08-12 21:06:11.458691 :: https://www.google.com/maps/@25.4698105,-80.4734476,14z?entry=ttu
2024-08-12 21:06:17.173974 :: open site - https://www.google.com/maps/@25.4698105,-80.4734476,14z?entry=ttu
2024-08-12 21:06:19.658442 :: DATA for searching:
LOCATION:25.4698105,-80.4734476,14z
INTEREST:tinting
CITY:Homestead
2024-08-12 21:06:19.785972 :: search  - tinting
2024-08-12 21:06:19.785972 :: Insert key-word:tinting
2024-08-12 21:06:22.018741 :: pressed search button
2024-08-12 21:06:26.040788 :: List item found:<selenium.webdriver.remote.webelement.WebElement (session="be9a813c-a6ba-4eab-9cf2-7edfeb585088", element="4895d4f9-65c3-4e15-8e21-231c6108d598")>
2024-08-12 21:06:26.044788 :: One scroll - 1500
2024-08-12 21:06:28.052691 :: One scroll - 1500
2024-08-12 21:06:30.057599 :: One scroll - 1500
2024-08-12 21:06:32.065203 :: One scroll - 1500
2024-08-12 21:06:34.078293 :: One scroll - 1500
2024-08-12 21:06:36.095484 :: One scroll - 1500
2024-08-12 21:06:38.103193 :: One scroll - 1500
2024-08-12 21:06:40.123209 :: One scroll - 1500
2024-08-12 21:06:42.128251 :: One scroll - 1500
2024-08-12 21:06:44.138299 :: One scroll - 1500
2024-08-12 21:06:46.151936 :: timer ++ 2
2024-08-12 21:06:46.158398 :: One scroll - 1500
2024-08-12 21:06:49.172391 :: One scroll - 1500
2024-08-12 21:06:52.180769 :: One scroll - 1500
2024-08-12 21:06:55.198075 :: One scroll - 1500
2024-08-12 21:06:58.210866 :: One scroll - 1500
2024-08-12 21:07:01.214404 :: One scroll - 1500
2024-08-12 21:07:04.228477 :: One scroll - 1500
2024-08-12 21:07:07.237100 :: One scroll - 1500
2024-08-12 21:07:10.251461 :: One scroll - 1500
2024-08-12 21:07:13.267476 :: One scroll - 1500
2024-08-12 21:07:16.273465 :: timer ++ 3
2024-08-12 21:07:16.277266 :: SPENT time fortinting - 0:01:04.817991