
2024-08-12 20:56:09.321928 :: Start
2024-08-12 20:56:11.331729 :: PROCESS FOR - tinting STARTED
2024-08-12 20:56:11.331729 :: https://www.google.com/maps/@26.3729004,-80.158565,13z?entry=ttu
2024-08-12 20:56:17.827382 :: open site - https://www.google.com/maps/@26.3729004,-80.158565,13z?entry=ttu
2024-08-12 20:56:19.826822 :: DATA for searching:
LOCATION:26.3729004,-80.158565,13z
INTEREST:tinting
CITY:Boca Raton
2024-08-12 20:56:20.389137 :: search  - tinting
2024-08-12 20:56:20.389955 :: Insert key-word:tinting
2024-08-12 20:56:22.736183 :: pressed search button
2024-08-12 20:56:26.764148 :: List item found:<selenium.webdriver.remote.webelement.WebElement (session="30a4c15e-52d5-49e9-a689-72d224130969", element="13b0b3ae-2867-415f-ae04-30d2dda27643")>
2024-08-12 20:56:26.769279 :: One scroll - 1500
2024-08-12 20:56:28.779286 :: One scroll - 1500
2024-08-12 20:56:30.785484 :: One scroll - 1500
2024-08-12 20:56:32.799501 :: One scroll - 1500
2024-08-12 20:56:34.813684 :: One scroll - 1500
2024-08-12 20:56:36.823364 :: One scroll - 1500
2024-08-12 20:56:38.831071 :: One scroll - 1500
2024-08-12 20:56:40.847377 :: One scroll - 1500
2024-08-12 20:56:42.865854 :: One scroll - 1500
2024-08-12 20:56:44.871431 :: One scroll - 1500
2024-08-12 20:56:46.883673 :: timer ++ 2
2024-08-12 20:56:46.888196 :: One scroll - 1500
2024-08-12 20:56:49.903678 :: One scroll - 1500
2024-08-12 20:56:52.922128 :: One scroll - 1500
2024-08-12 20:56:55.930611 :: One scroll - 1500
2024-08-12 20:56:58.941381 :: One scroll - 1500
2024-08-12 20:57:01.946637 :: One scroll - 1500
2024-08-12 20:57:04.960716 :: One scroll - 1500
2024-08-12 20:57:07.976557 :: One scroll - 1500
2024-08-12 20:57:10.994470 :: One scroll - 1500
2024-08-12 20:57:14.023465 :: One scroll - 1500
2024-08-12 20:57:17.025612 :: timer ++ 3
2024-08-12 20:57:17.034471 :: SPENT time fortinting - 0:01:05.702742