
2024-08-12 20:53:39.037682 :: Start
2024-08-12 20:53:41.052452 :: PROCESS FOR - sun tek ppf STARTED
2024-08-12 20:53:41.052452 :: https://www.google.com/maps/@28.4332443,-81.4682186,10.75z?entry=ttu
2024-08-12 20:53:46.966835 :: open site - https://www.google.com/maps/@28.4332443,-81.4682186,10.75z?entry=ttu
2024-08-12 20:53:48.693224 :: DATA for searching:
LOCATION:28.4332443,-81.4682186,10.75z
INTEREST:sun tek ppf
CITY:Orlando
2024-08-12 20:53:49.106701 :: search  - sun tek ppf
2024-08-12 20:53:49.108698 :: Insert key-word:sun tek ppf
2024-08-12 20:53:51.371821 :: pressed search button
2024-08-12 20:53:55.388469 :: List item found:<selenium.webdriver.remote.webelement.WebElement (session="9108afa4-b109-45cc-9b0b-8ae201a9790c", element="167ae792-f3e6-4864-95ee-724cab0b4e6d")>
2024-08-12 20:53:55.395470 :: One scroll - 1500
2024-08-12 20:53:57.408777 :: One scroll - 1500
2024-08-12 20:53:59.426624 :: One scroll - 1500
2024-08-12 20:54:01.432992 :: One scroll - 1500
2024-08-12 20:54:03.441081 :: One scroll - 1500
2024-08-12 20:54:05.446428 :: One scroll - 1500
2024-08-12 20:54:07.459904 :: One scroll - 1500
2024-08-12 20:54:09.466840 :: One scroll - 1500
2024-08-12 20:54:11.473977 :: One scroll - 1500
2024-08-12 20:54:13.490194 :: One scroll - 1500
2024-08-12 20:54:15.503840 :: timer ++ 2
2024-08-12 20:54:15.510428 :: One scroll - 1500
2024-08-12 20:54:18.529278 :: One scroll - 1500
2024-08-12 20:54:21.547555 :: One scroll - 1500
2024-08-12 20:54:24.557402 :: One scroll - 1500
2024-08-12 20:54:27.564875 :: One scroll - 1500
2024-08-12 20:54:30.569359 :: One scroll - 1500
2024-08-12 20:54:33.585437 :: One scroll - 1500
2024-08-12 20:54:36.598451 :: One scroll - 1500
2024-08-12 20:54:39.616552 :: One scroll - 1500
2024-08-12 20:54:42.635795 :: One scroll - 1500
2024-08-12 20:54:45.646745 :: timer ++ 3
2024-08-12 20:54:45.651749 :: SPENT time forsun tek ppf - 0:01:04.599297