
2024-08-12 20:56:09.317932 :: Start
2024-08-12 20:56:11.331729 :: PROCESS FOR - tint STARTED
2024-08-12 20:56:11.331729 :: https://www.google.com/maps/@26.3729004,-80.158565,13z?entry=ttu
2024-08-12 20:56:17.942741 :: open site - https://www.google.com/maps/@26.3729004,-80.158565,13z?entry=ttu
2024-08-12 20:56:20.277185 :: DATA for searching:
LOCATION:26.3729004,-80.158565,13z
INTEREST:tint
CITY:Boca Raton
2024-08-12 20:56:20.778614 :: search  - tint
2024-08-12 20:56:20.781612 :: Insert key-word:tint
2024-08-12 20:56:23.084039 :: pressed search button
2024-08-12 20:56:27.103651 :: List item found:<selenium.webdriver.remote.webelement.WebElement (session="7eb2fdce-a3f4-4fb4-b177-5e638e29e5e6", element="919a0ea3-803f-4fbb-8c79-1e65da64c9d6")>
2024-08-12 20:56:27.109210 :: One scroll - 1500
2024-08-12 20:56:29.118259 :: One scroll - 1500
2024-08-12 20:56:31.123128 :: One scroll - 1500
2024-08-12 20:56:33.139105 :: One scroll - 1500
2024-08-12 20:56:35.154957 :: One scroll - 1500
2024-08-12 20:56:37.164363 :: One scroll - 1500
2024-08-12 20:56:39.178417 :: One scroll - 1500
2024-08-12 20:56:41.189850 :: One scroll - 1500
2024-08-12 20:56:43.209335 :: One scroll - 1500
2024-08-12 20:56:45.223400 :: One scroll - 1500
2024-08-12 20:56:47.238354 :: timer ++ 2
2024-08-12 20:56:47.242350 :: One scroll - 1500
2024-08-12 20:56:50.248232 :: One scroll - 1500
2024-08-12 20:56:53.262393 :: One scroll - 1500
2024-08-12 20:56:56.275384 :: One scroll - 1500
2024-08-12 20:56:59.283159 :: One scroll - 1500
2024-08-12 20:57:02.285757 :: One scroll - 1500
2024-08-12 20:57:05.303213 :: One scroll - 1500
2024-08-12 20:57:08.460001 :: One scroll - 1500
2024-08-12 20:57:11.482878 :: One scroll - 1500
2024-08-12 20:57:14.512129 :: One scroll - 1500
2024-08-12 20:57:17.520776 :: timer ++ 3
2024-08-12 20:57:17.526294 :: SPENT time fortint - 0:01:06.194565