
2024-08-12 20:56:59.163965 :: Start
2024-08-12 20:57:01.166313 :: PROCESS FOR - 3m ppf STARTED
2024-08-12 20:57:01.166313 :: https://www.google.com/maps/@26.251814,-80.1783165,13z?entry=ttu
2024-08-12 20:57:07.639463 :: open site - https://www.google.com/maps/@26.251814,-80.1783165,13z?entry=ttu
2024-08-12 20:57:09.878282 :: DATA for searching:
LOCATION:26.251814,-80.1783165,13z
INTEREST:3m ppf
CITY:Pompano Beach
2024-08-12 20:57:10.418640 :: search  - 3m ppf
2024-08-12 20:57:10.418640 :: Insert key-word:3m ppf
2024-08-12 20:57:12.685362 :: pressed search button
2024-08-12 20:57:16.709780 :: List item found:<selenium.webdriver.remote.webelement.WebElement (session="f7b8e271-49d4-420a-8c33-5b8fc20dcd8d", element="5327faf6-0ee7-4fbb-b4a1-21dc51556fa5")>
2024-08-12 20:57:16.726242 :: One scroll - 1500
2024-08-12 20:57:18.743205 :: One scroll - 1500
2024-08-12 20:57:20.748629 :: One scroll - 1500
2024-08-12 20:57:22.764103 :: One scroll - 1500
2024-08-12 20:57:24.768790 :: One scroll - 1500
2024-08-12 20:57:26.777080 :: One scroll - 1500
2024-08-12 20:57:28.787387 :: One scroll - 1500
2024-08-12 20:57:30.794200 :: One scroll - 1500
2024-08-12 20:57:32.802307 :: One scroll - 1500
2024-08-12 20:57:34.808750 :: One scroll - 1500
2024-08-12 20:57:36.822418 :: timer ++ 2
2024-08-12 20:57:36.826933 :: One scroll - 1500
2024-08-12 20:57:39.840332 :: One scroll - 1500
2024-08-12 20:57:42.860081 :: One scroll - 1500
2024-08-12 20:57:45.878235 :: One scroll - 1500
2024-08-12 20:57:48.885446 :: One scroll - 1500
2024-08-12 20:57:51.894487 :: One scroll - 1500
2024-08-12 20:57:54.914168 :: One scroll - 1500
2024-08-12 20:57:57.935431 :: One scroll - 1500
2024-08-12 20:58:00.947074 :: One scroll - 1500
2024-08-12 20:58:03.955531 :: One scroll - 1500
2024-08-12 20:58:06.963172 :: timer ++ 3
2024-08-12 20:58:06.967694 :: SPENT time for3m ppf - 0:01:05.801381