
2024-08-12 21:06:09.442082 :: Start
2024-08-12 21:06:11.442827 :: PROCESS FOR - tint STARTED
2024-08-12 21:06:11.443696 :: https://www.google.com/maps/@25.4698105,-80.4734476,14z?entry=ttu
2024-08-12 21:06:17.155973 :: open site - https://www.google.com/maps/@25.4698105,-80.4734476,14z?entry=ttu
2024-08-12 21:06:19.747971 :: DATA for searching:
LOCATION:25.4698105,-80.4734476,14z
INTEREST:tint
CITY:Homestead
2024-08-12 21:06:19.871980 :: search  - tint
2024-08-12 21:06:19.871980 :: Insert key-word:tint
2024-08-12 21:06:22.109101 :: pressed search button
2024-08-12 21:06:26.134668 :: List item found:<selenium.webdriver.remote.webelement.WebElement (session="27b150e7-cafa-48e6-b569-6558599425b4", element="561f81c9-3e38-4341-b3a9-faf189ae4786")>
2024-08-12 21:06:26.138669 :: One scroll - 1500
2024-08-12 21:06:28.157749 :: One scroll - 1500
2024-08-12 21:06:30.167138 :: One scroll - 1500
2024-08-12 21:06:32.175868 :: One scroll - 1500
2024-08-12 21:06:34.184764 :: One scroll - 1500
2024-08-12 21:06:36.191008 :: One scroll - 1500
2024-08-12 21:06:38.197716 :: One scroll - 1500
2024-08-12 21:06:40.218406 :: One scroll - 1500
2024-08-12 21:06:42.237753 :: One scroll - 1500
2024-08-12 21:06:44.249286 :: One scroll - 1500
2024-08-12 21:06:46.259268 :: timer ++ 2
2024-08-12 21:06:46.264268 :: One scroll - 1500
2024-08-12 21:06:49.281480 :: One scroll - 1500
2024-08-12 21:06:52.289804 :: One scroll - 1500
2024-08-12 21:06:55.307018 :: One scroll - 1500
2024-08-12 21:06:58.317451 :: One scroll - 1500
2024-08-12 21:07:01.320732 :: One scroll - 1500
2024-08-12 21:07:04.335930 :: One scroll - 1500
2024-08-12 21:07:07.346773 :: One scroll - 1500
2024-08-12 21:07:10.359242 :: One scroll - 1500
2024-08-12 21:07:13.376322 :: One scroll - 1500
2024-08-12 21:07:16.381758 :: timer ++ 3
2024-08-12 21:07:16.384759 :: SPENT time fortint - 0:01:04.941932