
2024-08-12 21:02:49.397128 :: Start
2024-08-12 21:02:51.404164 :: PROCESS FOR - car tint STARTED
2024-08-12 21:02:51.404164 :: https://www.google.com/maps/@25.7825389,-80.3118592,12z?entry=ttu
2024-08-12 21:02:57.583027 :: open site - https://www.google.com/maps/@25.7825389,-80.3118592,12z?entry=ttu
2024-08-12 21:02:59.554948 :: DATA for searching:
LOCATION:25.7825389,-80.3118592,12z
INTEREST:car tint
CITY:Miami
2024-08-12 21:03:00.207868 :: search  - car tint
2024-08-12 21:03:00.210869 :: Insert key-word:car tint
2024-08-12 21:03:02.723889 :: pressed search button
2024-08-12 21:03:06.748024 :: List item found:<selenium.webdriver.remote.webelement.WebElement (session="1d0de086-d315-4a07-b6ec-ef1bc1befdd5", element="d742dd77-f7cb-425f-814b-f77fde852a64")>
2024-08-12 21:03:06.757023 :: One scroll - 1500
2024-08-12 21:03:08.775441 :: One scroll - 1500
2024-08-12 21:03:10.782635 :: One scroll - 1500
2024-08-12 21:03:12.799314 :: One scroll - 1500
2024-08-12 21:03:14.806903 :: One scroll - 1500
2024-08-12 21:03:16.824996 :: One scroll - 1500
2024-08-12 21:03:18.835895 :: One scroll - 1500
2024-08-12 21:03:20.854125 :: One scroll - 1500
2024-08-12 21:03:22.866683 :: One scroll - 1500
2024-08-12 21:03:24.876029 :: One scroll - 1500
2024-08-12 21:03:26.889106 :: timer ++ 2
2024-08-12 21:03:26.898621 :: One scroll - 1500
2024-08-12 21:03:29.910397 :: One scroll - 1500
2024-08-12 21:03:32.924288 :: One scroll - 1500
2024-08-12 21:03:35.943135 :: One scroll - 1500
2024-08-12 21:03:38.961178 :: One scroll - 1500
2024-08-12 21:03:41.993707 :: One scroll - 1500
2024-08-12 21:03:45.007658 :: One scroll - 1500
2024-08-12 21:03:48.032503 :: One scroll - 1500
2024-08-12 21:03:51.051095 :: One scroll - 1500
2024-08-12 21:03:54.086484 :: One scroll - 1500
2024-08-12 21:03:57.089843 :: timer ++ 3
2024-08-12 21:03:57.092843 :: SPENT time forcar tint - 0:01:05.688679