
2024-08-12 20:57:49.264180 :: Start
2024-08-12 20:57:51.272807 :: PROCESS FOR - tint STARTED
2024-08-12 20:57:51.272807 :: https://www.google.com/maps/@26.251814,-80.1783165,13z?entry=ttu
2024-08-12 20:57:57.562972 :: open site - https://www.google.com/maps/@26.251814,-80.1783165,13z?entry=ttu
2024-08-12 20:58:00.820631 :: DATA for searching:
LOCATION:26.251814,-80.1783165,13z
INTEREST:tint
CITY:Pompano Beach
2024-08-12 20:58:01.054231 :: search  - tint
2024-08-12 20:58:01.054231 :: Insert key-word:tint
2024-08-12 20:58:03.360513 :: pressed search button
2024-08-12 20:58:07.385453 :: List item found:<selenium.webdriver.remote.webelement.WebElement (session="9389ecc0-7fd7-4ed8-bf3d-954869b92948", element="40ad8f21-677d-44c9-876a-ca71294af22d")>
2024-08-12 20:58:07.390464 :: One scroll - 1500
2024-08-12 20:58:09.409791 :: One scroll - 1500
2024-08-12 20:58:11.424072 :: One scroll - 1500
2024-08-12 20:58:13.439210 :: One scroll - 1500
2024-08-12 20:58:15.452509 :: One scroll - 1500
2024-08-12 20:58:17.461453 :: One scroll - 1500
2024-08-12 20:58:19.479809 :: One scroll - 1500
2024-08-12 20:58:21.493257 :: One scroll - 1500
2024-08-12 20:58:23.500558 :: One scroll - 1500
2024-08-12 20:58:25.520589 :: One scroll - 1500
2024-08-12 20:58:27.530830 :: timer ++ 2
2024-08-12 20:58:27.536354 :: One scroll - 1500
2024-08-12 20:58:30.554894 :: One scroll - 1500
2024-08-12 20:58:33.570829 :: One scroll - 1500
2024-08-12 20:58:36.583079 :: One scroll - 1500
2024-08-12 20:58:39.599461 :: One scroll - 1500
2024-08-12 20:58:42.604746 :: One scroll - 1500
2024-08-12 20:58:45.617450 :: One scroll - 1500
2024-08-12 20:58:48.627122 :: One scroll - 1500
2024-08-12 20:58:51.657065 :: One scroll - 1500
2024-08-12 20:58:54.676444 :: One scroll - 1500
2024-08-12 20:58:57.690752 :: timer ++ 3
2024-08-12 20:58:57.694229 :: SPENT time fortint - 0:01:06.421422