
2024-08-12 20:54:29.091038 :: Start
2024-08-12 20:54:31.093087 :: PROCESS FOR - car tint STARTED
2024-08-12 20:54:31.093087 :: https://www.google.com/maps/@26.3729004,-80.158565,13z?entry=ttu
2024-08-12 20:54:37.187298 :: open site - https://www.google.com/maps/@26.3729004,-80.158565,13z?entry=ttu
2024-08-12 20:54:39.334697 :: DATA for searching:
LOCATION:26.3729004,-80.158565,13z
INTEREST:car tint
CITY:Boca Raton
2024-08-12 20:54:39.912526 :: search  - car tint
2024-08-12 20:54:39.912526 :: Insert key-word:car tint
2024-08-12 20:54:42.322927 :: pressed search button
2024-08-12 20:54:46.343867 :: List item found:<selenium.webdriver.remote.webelement.WebElement (session="8d0b8a58-2c75-43a0-b137-cb6f7ee06f6c", element="45f56867-1c28-4605-b774-cb0affa9b9cb")>
2024-08-12 20:54:46.451918 :: One scroll - 1500
2024-08-12 20:54:48.466150 :: One scroll - 1500
2024-08-12 20:54:50.481950 :: One scroll - 1500
2024-08-12 20:54:52.490270 :: One scroll - 1500
2024-08-12 20:54:54.498893 :: One scroll - 1500
2024-08-12 20:54:56.505459 :: One scroll - 1500
2024-08-12 20:54:58.523004 :: One scroll - 1500
2024-08-12 20:55:00.539504 :: One scroll - 1500
2024-08-12 20:55:02.556724 :: One scroll - 1500
2024-08-12 20:55:04.566808 :: One scroll - 1500
2024-08-12 20:55:06.574825 :: timer ++ 2
2024-08-12 20:55:06.588824 :: One scroll - 1500
2024-08-12 20:55:09.603739 :: One scroll - 1500
2024-08-12 20:55:12.619755 :: One scroll - 1500
2024-08-12 20:55:15.631478 :: One scroll - 1500
2024-08-12 20:55:18.649593 :: One scroll - 1500
2024-08-12 20:55:21.664229 :: One scroll - 1500
2024-08-12 20:55:24.694779 :: One scroll - 1500
2024-08-12 20:55:27.711769 :: One scroll - 1500
2024-08-12 20:55:30.734663 :: One scroll - 1500
2024-08-12 20:55:33.754588 :: One scroll - 1500
2024-08-12 20:55:36.754811 :: timer ++ 3
2024-08-12 20:55:36.759808 :: SPENT time forcar tint - 0:01:05.665735