
2024-08-12 21:04:29.417210 :: Start
2024-08-12 21:04:31.425468 :: PROCESS FOR - tint STARTED
2024-08-12 21:04:31.425468 :: https://www.google.com/maps/@25.7825389,-80.3118592,12z?entry=ttu
2024-08-12 21:04:37.792807 :: open site - https://www.google.com/maps/@25.7825389,-80.3118592,12z?entry=ttu
2024-08-12 21:04:40.102818 :: DATA for searching:
LOCATION:25.7825389,-80.3118592,12z
INTEREST:tint
CITY:Miami
2024-08-12 21:04:40.544646 :: search  - tint
2024-08-12 21:04:40.544646 :: Insert key-word:tint
2024-08-12 21:04:42.888622 :: pressed search button
2024-08-12 21:04:46.913865 :: List item found:<selenium.webdriver.remote.webelement.WebElement (session="3e0694f3-1846-4178-8323-c81f46a7a064", element="c32aa229-3393-491d-b52e-c2e1bfa150b6")>
2024-08-12 21:04:46.918864 :: One scroll - 1500
2024-08-12 21:04:48.924636 :: One scroll - 1500
2024-08-12 21:04:50.938007 :: One scroll - 1500
2024-08-12 21:04:52.952737 :: One scroll - 1500
2024-08-12 21:04:54.964878 :: One scroll - 1500
2024-08-12 21:04:56.983485 :: One scroll - 1500
2024-08-12 21:04:58.992927 :: One scroll - 1500
2024-08-12 21:05:01.000097 :: One scroll - 1500
2024-08-12 21:05:03.044765 :: One scroll - 1500
2024-08-12 21:05:05.059836 :: One scroll - 1500
2024-08-12 21:05:07.065903 :: timer ++ 2
2024-08-12 21:05:07.075525 :: One scroll - 1500
2024-08-12 21:05:10.082686 :: One scroll - 1500
2024-08-12 21:05:13.090033 :: One scroll - 1500
2024-08-12 21:05:16.108243 :: One scroll - 1500
2024-08-12 21:05:19.119429 :: One scroll - 1500
2024-08-12 21:05:22.170772 :: One scroll - 1500
2024-08-12 21:05:25.179952 :: One scroll - 1500
2024-08-12 21:05:28.195786 :: One scroll - 1500
2024-08-12 21:05:31.212153 :: One scroll - 1500
2024-08-12 21:05:34.239213 :: One scroll - 1500
2024-08-12 21:05:37.242087 :: timer ++ 3
2024-08-12 21:05:37.246088 :: SPENT time fortint - 0:01:05.820620