
2024-08-12 20:52:48.918184 :: Start
2024-08-12 20:52:50.921261 :: PROCESS FOR - 3m ppf STARTED
2024-08-12 20:52:50.921261 :: https://www.google.com/maps/@28.4332443,-81.4682186,10.75z?entry=ttu
2024-08-12 20:52:56.821353 :: open site - https://www.google.com/maps/@28.4332443,-81.4682186,10.75z?entry=ttu
2024-08-12 20:52:58.548744 :: DATA for searching:
LOCATION:28.4332443,-81.4682186,10.75z
INTEREST:3m ppf
CITY:Orlando
2024-08-12 20:52:58.714663 :: search  - 3m ppf
2024-08-12 20:52:58.714663 :: Insert key-word:3m ppf
2024-08-12 20:53:00.985511 :: pressed search button
2024-08-12 20:53:05.003981 :: List item found:<selenium.webdriver.remote.webelement.WebElement (session="3a27e43c-ec5a-439f-9de7-7f8251425787", element="0a6b2e38-9cf1-45be-8894-d800e8e96c5b")>
2024-08-12 20:53:05.008824 :: One scroll - 1500
2024-08-12 20:53:07.029062 :: One scroll - 1500
2024-08-12 20:53:09.035242 :: One scroll - 1500
2024-08-12 20:53:11.055036 :: One scroll - 1500
2024-08-12 20:53:13.062645 :: One scroll - 1500
2024-08-12 20:53:15.079443 :: One scroll - 1500
2024-08-12 20:53:17.085655 :: One scroll - 1500
2024-08-12 20:53:19.101295 :: One scroll - 1500
2024-08-12 20:53:21.115508 :: One scroll - 1500
2024-08-12 20:53:23.123631 :: One scroll - 1500
2024-08-12 20:53:25.134564 :: timer ++ 2
2024-08-12 20:53:25.137562 :: One scroll - 1500
2024-08-12 20:53:28.144357 :: One scroll - 1500
2024-08-12 20:53:31.161767 :: One scroll - 1500
2024-08-12 20:53:34.168652 :: One scroll - 1500
2024-08-12 20:53:37.177497 :: One scroll - 1500
2024-08-12 20:53:40.191660 :: One scroll - 1500
2024-08-12 20:53:43.209287 :: One scroll - 1500
2024-08-12 20:53:46.224467 :: One scroll - 1500
2024-08-12 20:53:49.247222 :: One scroll - 1500
2024-08-12 20:53:52.256367 :: One scroll - 1500
2024-08-12 20:53:55.261435 :: timer ++ 3
2024-08-12 20:53:55.264945 :: SPENT time for3m ppf - 0:01:04.343684