
2024-08-12 20:58:39.477281 :: Start
2024-08-12 20:58:41.486945 :: PROCESS FOR - tinting STARTED
2024-08-12 20:58:41.486945 :: https://www.google.com/maps/@26.251814,-80.1783165,13z?entry=ttu
2024-08-12 20:58:48.291544 :: open site - https://www.google.com/maps/@26.251814,-80.1783165,13z?entry=ttu
2024-08-12 20:58:50.352353 :: DATA for searching:
LOCATION:26.251814,-80.1783165,13z
INTEREST:tinting
CITY:Pompano Beach
2024-08-12 20:58:50.923387 :: search  - tinting
2024-08-12 20:58:50.923387 :: Insert key-word:tinting
2024-08-12 20:58:53.441030 :: pressed search button
2024-08-12 20:58:57.464404 :: List item found:<selenium.webdriver.remote.webelement.WebElement (session="e27d1ba8-3140-4ecb-8faf-423f870d04fa", element="d86fe632-1122-4460-8525-2c12b0e1bf76")>
2024-08-12 20:58:57.468478 :: One scroll - 1500
2024-08-12 20:58:59.483493 :: One scroll - 1500
2024-08-12 20:59:01.497215 :: One scroll - 1500
2024-08-12 20:59:03.504498 :: One scroll - 1500
2024-08-12 20:59:05.518780 :: One scroll - 1500
2024-08-12 20:59:07.531639 :: One scroll - 1500
2024-08-12 20:59:09.541996 :: One scroll - 1500
2024-08-12 20:59:11.550787 :: One scroll - 1500
2024-08-12 20:59:13.556760 :: One scroll - 1500
2024-08-12 20:59:15.569735 :: One scroll - 1500
2024-08-12 20:59:17.571268 :: timer ++ 2
2024-08-12 20:59:17.576265 :: One scroll - 1500
2024-08-12 20:59:20.583572 :: One scroll - 1500
2024-08-12 20:59:23.596895 :: One scroll - 1500
2024-08-12 20:59:26.612876 :: One scroll - 1500
2024-08-12 20:59:29.632461 :: One scroll - 1500
2024-08-12 20:59:32.643103 :: One scroll - 1500
2024-08-12 20:59:35.660592 :: One scroll - 1500
2024-08-12 20:59:38.679477 :: One scroll - 1500
2024-08-12 20:59:41.713002 :: One scroll - 1500
2024-08-12 20:59:44.719511 :: One scroll - 1500
2024-08-12 20:59:47.724243 :: timer ++ 3
2024-08-12 20:59:47.729245 :: SPENT time fortinting - 0:01:06.241301