
2024-08-12 20:58:39.479293 :: Start
2024-08-12 20:58:41.486945 :: PROCESS FOR - 3m ppf STARTED
2024-08-12 20:58:41.486945 :: https://www.google.com/maps/@26.1211208,-80.1324666,13z?entry=ttu
2024-08-12 20:58:48.430602 :: open site - https://www.google.com/maps/@26.1211208,-80.1324666,13z?entry=ttu
2024-08-12 20:58:50.537550 :: DATA for searching:
LOCATION:26.1211208,-80.1324666,13z
INTEREST:3m ppf
CITY:Fort Lauderdale
2024-08-12 20:58:51.271186 :: search  - 3m ppf
2024-08-12 20:58:51.271186 :: Insert key-word:3m ppf
2024-08-12 20:58:53.627883 :: pressed search button
2024-08-12 20:58:57.647599 :: List item found:<selenium.webdriver.remote.webelement.WebElement (session="ddf9dc24-4f01-4467-9682-47b007cdf34b", element="a455cc5e-392b-47d9-897b-b2d50726a41f")>
2024-08-12 20:58:57.652602 :: One scroll - 1500
2024-08-12 20:58:59.672524 :: One scroll - 1500
2024-08-12 20:59:01.687325 :: One scroll - 1500
2024-08-12 20:59:03.703832 :: One scroll - 1500
2024-08-12 20:59:05.721095 :: One scroll - 1500
2024-08-12 20:59:07.728075 :: One scroll - 1500
2024-08-12 20:59:09.744093 :: One scroll - 1500
2024-08-12 20:59:11.755436 :: One scroll - 1500
2024-08-12 20:59:13.772354 :: One scroll - 1500
2024-08-12 20:59:15.781488 :: One scroll - 1500
2024-08-12 20:59:17.786324 :: timer ++ 2
2024-08-12 20:59:17.791319 :: One scroll - 1500
2024-08-12 20:59:20.799679 :: One scroll - 1500
2024-08-12 20:59:23.811525 :: One scroll - 1500
2024-08-12 20:59:26.828332 :: One scroll - 1500
2024-08-12 20:59:29.833273 :: One scroll - 1500
2024-08-12 20:59:32.846288 :: One scroll - 1500
2024-08-12 20:59:35.866646 :: One scroll - 1500
2024-08-12 20:59:38.886226 :: One scroll - 1500
2024-08-12 20:59:41.908246 :: One scroll - 1500
2024-08-12 20:59:44.917552 :: One scroll - 1500
2024-08-12 20:59:47.924431 :: timer ++ 3
2024-08-12 20:59:47.928395 :: SPENT time for3m ppf - 0:01:06.441450