
2024-08-12 21:02:49.396129 :: Start
2024-08-12 21:02:51.403193 :: PROCESS FOR - ppf STARTED
2024-08-12 21:02:51.404164 :: https://www.google.com/maps/@25.7825389,-80.3118592,12z?entry=ttu
2024-08-12 21:02:58.104411 :: open site - https://www.google.com/maps/@25.7825389,-80.3118592,12z?entry=ttu
2024-08-12 21:03:01.069876 :: DATA for searching:
LOCATION:25.7825389,-80.3118592,12z
INTEREST:ppf
CITY:Miami
2024-08-12 21:03:01.586391 :: search  - ppf
2024-08-12 21:03:01.586391 :: Insert key-word:ppf
2024-08-12 21:03:03.844404 :: pressed search button
2024-08-12 21:03:07.857440 :: List item found:<selenium.webdriver.remote.webelement.WebElement (session="762be076-a382-4579-bc82-db790b448d6a", element="831408d3-ffb5-4913-9f71-d7354d2b2214")>
2024-08-12 21:03:07.879025 :: One scroll - 1500
2024-08-12 21:03:09.890851 :: One scroll - 1500
2024-08-12 21:03:11.900650 :: One scroll - 1500
2024-08-12 21:03:13.915797 :: One scroll - 1500
2024-08-12 21:03:15.923579 :: One scroll - 1500
2024-08-12 21:03:17.934528 :: One scroll - 1500
2024-08-12 21:03:19.940153 :: One scroll - 1500
2024-08-12 21:03:21.959017 :: One scroll - 1500
2024-08-12 21:03:23.977175 :: One scroll - 1500
2024-08-12 21:03:26.006547 :: One scroll - 1500
2024-08-12 21:03:28.009483 :: timer ++ 2
2024-08-12 21:03:28.014510 :: One scroll - 1500
2024-08-12 21:03:31.022571 :: One scroll - 1500
2024-08-12 21:03:34.038610 :: One scroll - 1500
2024-08-12 21:03:37.057905 :: One scroll - 1500
2024-08-12 21:03:40.076845 :: One scroll - 1500
2024-08-12 21:03:43.082945 :: One scroll - 1500
2024-08-12 21:03:46.103177 :: One scroll - 1500
2024-08-12 21:03:49.128559 :: One scroll - 1500
2024-08-12 21:03:52.150435 :: One scroll - 1500
2024-08-12 21:03:55.165551 :: One scroll - 1500
2024-08-12 21:03:58.179814 :: timer ++ 3
2024-08-12 21:03:58.182814 :: SPENT time forppf - 0:01:06.779621