
2024-08-12 20:56:09.322929 :: Start
2024-08-12 20:56:11.331729 :: PROCESS FOR - ppf STARTED
2024-08-12 20:56:11.331729 :: https://www.google.com/maps/@26.251814,-80.1783165,13z?entry=ttu
2024-08-12 20:56:17.770665 :: open site - https://www.google.com/maps/@26.251814,-80.1783165,13z?entry=ttu
2024-08-12 20:56:19.903865 :: DATA for searching:
LOCATION:26.251814,-80.1783165,13z
INTEREST:ppf
CITY:Pompano Beach
2024-08-12 20:56:20.476755 :: search  - ppf
2024-08-12 20:56:20.476755 :: Insert key-word:ppf
2024-08-12 20:56:22.748272 :: pressed search button
2024-08-12 20:56:26.764148 :: List item found:<selenium.webdriver.remote.webelement.WebElement (session="d016cb76-7ff7-46d4-856d-8bd9f35f7921", element="f0c017ad-fa87-49a9-95f0-e5ef59763ac7")>
2024-08-12 20:56:26.773279 :: One scroll - 1500
2024-08-12 20:56:28.797040 :: One scroll - 1500
2024-08-12 20:56:30.813517 :: One scroll - 1500
2024-08-12 20:56:32.831613 :: One scroll - 1500
2024-08-12 20:56:34.844284 :: One scroll - 1500
2024-08-12 20:56:36.852010 :: One scroll - 1500
2024-08-12 20:56:38.860615 :: One scroll - 1500
2024-08-12 20:56:40.877007 :: One scroll - 1500
2024-08-12 20:56:42.882391 :: One scroll - 1500
2024-08-12 20:56:44.911612 :: One scroll - 1500
2024-08-12 20:56:46.914690 :: timer ++ 2
2024-08-12 20:56:46.920221 :: One scroll - 1500
2024-08-12 20:56:49.935543 :: One scroll - 1500
2024-08-12 20:56:52.955457 :: One scroll - 1500
2024-08-12 20:56:55.963320 :: One scroll - 1500
2024-08-12 20:56:58.973481 :: One scroll - 1500
2024-08-12 20:57:01.980504 :: One scroll - 1500
2024-08-12 20:57:04.987432 :: One scroll - 1500
2024-08-12 20:57:08.005134 :: One scroll - 1500
2024-08-12 20:57:11.025579 :: One scroll - 1500
2024-08-12 20:57:14.041065 :: One scroll - 1500
2024-08-12 20:57:17.056469 :: timer ++ 3
2024-08-12 20:57:17.062473 :: SPENT time forppf - 0:01:05.730744