
2024-08-12 20:52:48.919185 :: Start
2024-08-12 20:52:50.920386 :: PROCESS FOR - ppf STARTED
2024-08-12 20:52:50.920386 :: https://www.google.com/maps/@28.4332443,-81.4682186,10.75z?entry=ttu
2024-08-12 20:52:56.785354 :: open site - https://www.google.com/maps/@28.4332443,-81.4682186,10.75z?entry=ttu
2024-08-12 20:52:58.332172 :: DATA for searching:
LOCATION:28.4332443,-81.4682186,10.75z
INTEREST:ppf
CITY:Orlando
2024-08-12 20:52:58.714663 :: search  - ppf
2024-08-12 20:52:58.715173 :: Insert key-word:ppf
2024-08-12 20:53:00.982523 :: pressed search button
2024-08-12 20:53:05.003981 :: List item found:<selenium.webdriver.remote.webelement.WebElement (session="944ac51a-56a7-4698-8906-b265f973283e", element="9fa6dfa5-eb75-487d-a64e-1473f5d87ecc")>
2024-08-12 20:53:05.008824 :: One scroll - 1500
2024-08-12 20:53:07.027060 :: One scroll - 1500
2024-08-12 20:53:09.035242 :: One scroll - 1500
2024-08-12 20:53:11.055036 :: One scroll - 1500
2024-08-12 20:53:13.062645 :: One scroll - 1500
2024-08-12 20:53:15.080399 :: One scroll - 1500
2024-08-12 20:53:17.086626 :: One scroll - 1500
2024-08-12 20:53:19.101295 :: One scroll - 1500
2024-08-12 20:53:21.115508 :: One scroll - 1500
2024-08-12 20:53:23.123631 :: One scroll - 1500
2024-08-12 20:53:25.134564 :: timer ++ 2
2024-08-12 20:53:25.138556 :: One scroll - 1500
2024-08-12 20:53:28.144357 :: One scroll - 1500
2024-08-12 20:53:31.160761 :: One scroll - 1500
2024-08-12 20:53:34.168652 :: One scroll - 1500
2024-08-12 20:53:37.177497 :: One scroll - 1500
2024-08-12 20:53:40.191660 :: One scroll - 1500
2024-08-12 20:53:43.210278 :: One scroll - 1500
2024-08-12 20:53:46.225467 :: One scroll - 1500
2024-08-12 20:53:49.246223 :: One scroll - 1500
2024-08-12 20:53:52.257364 :: One scroll - 1500
2024-08-12 20:53:55.261435 :: timer ++ 3
2024-08-12 20:53:55.265945 :: SPENT time forppf - 0:01:04.344559