
2024-08-12 21:04:29.418210 :: Start
2024-08-12 21:04:31.424499 :: PROCESS FOR - car tint STARTED
2024-08-12 21:04:31.424499 :: https://www.google.com/maps/@25.4698105,-80.4734476,14z?entry=ttu
2024-08-12 21:04:37.726282 :: open site - https://www.google.com/maps/@25.4698105,-80.4734476,14z?entry=ttu
2024-08-12 21:04:39.747076 :: DATA for searching:
LOCATION:25.4698105,-80.4734476,14z
INTEREST:car tint
CITY:Homestead
2024-08-12 21:04:40.362141 :: search  - car tint
2024-08-12 21:04:40.362648 :: Insert key-word:car tint
2024-08-12 21:04:42.918564 :: pressed search button
2024-08-12 21:04:46.944875 :: List item found:<selenium.webdriver.remote.webelement.WebElement (session="dfc9b71f-027f-4aa9-bb66-00c2f6d5b64f", element="4598cff2-379a-4b84-b98f-074c11938c83")>
2024-08-12 21:04:46.949389 :: One scroll - 1500
2024-08-12 21:04:48.958227 :: One scroll - 1500
2024-08-12 21:04:50.968516 :: One scroll - 1500
2024-08-12 21:04:52.983812 :: One scroll - 1500
2024-08-12 21:04:54.994904 :: One scroll - 1500
2024-08-12 21:04:56.998486 :: One scroll - 1500
2024-08-12 21:04:59.008931 :: One scroll - 1500
2024-08-12 21:05:01.030097 :: One scroll - 1500
2024-08-12 21:05:03.052771 :: One scroll - 1500
2024-08-12 21:05:05.061904 :: One scroll - 1500
2024-08-12 21:05:07.065903 :: timer ++ 2
2024-08-12 21:05:07.079888 :: One scroll - 1500
2024-08-12 21:05:10.100687 :: One scroll - 1500
2024-08-12 21:05:13.105028 :: One scroll - 1500
2024-08-12 21:05:16.121246 :: One scroll - 1500
2024-08-12 21:05:19.134431 :: One scroll - 1500
2024-08-12 21:05:22.146759 :: One scroll - 1500
2024-08-12 21:05:25.166437 :: One scroll - 1500
2024-08-12 21:05:28.177273 :: One scroll - 1500
2024-08-12 21:05:31.194154 :: One scroll - 1500
2024-08-12 21:05:34.209599 :: One scroll - 1500
2024-08-12 21:05:37.210090 :: timer ++ 3
2024-08-12 21:05:37.213095 :: SPENT time forcar tint - 0:01:05.788596