
2024-08-12 21:02:49.396129 :: Start
2024-08-12 21:02:51.403193 :: PROCESS FOR - 3m ppf STARTED
2024-08-12 21:02:51.403193 :: https://www.google.com/maps/@25.7825389,-80.3118592,12z?entry=ttu
2024-08-12 21:02:58.054874 :: open site - https://www.google.com/maps/@25.7825389,-80.3118592,12z?entry=ttu
2024-08-12 21:03:00.368961 :: DATA for searching:
LOCATION:25.7825389,-80.3118592,12z
INTEREST:3m ppf
CITY:Miami
2024-08-12 21:03:00.810057 :: search  - 3m ppf
2024-08-12 21:03:00.810057 :: Insert key-word:3m ppf
2024-08-12 21:03:03.095026 :: pressed search button
2024-08-12 21:03:07.116876 :: List item found:<selenium.webdriver.remote.webelement.WebElement (session="aa5c4081-3766-4c03-b713-e3efbb361d94", element="40d53cb2-72ae-42ee-b770-ca952f02cc32")>
2024-08-12 21:03:07.131879 :: One scroll - 1500
2024-08-12 21:03:09.146288 :: One scroll - 1500
2024-08-12 21:03:11.151784 :: One scroll - 1500
2024-08-12 21:03:13.170891 :: One scroll - 1500
2024-08-12 21:03:15.192196 :: One scroll - 1500
2024-08-12 21:03:17.209339 :: One scroll - 1500
2024-08-12 21:03:19.223787 :: One scroll - 1500
2024-08-12 21:03:21.231919 :: One scroll - 1500
2024-08-12 21:03:23.251786 :: One scroll - 1500
2024-08-12 21:03:25.263121 :: One scroll - 1500
2024-08-12 21:03:27.273213 :: timer ++ 2
2024-08-12 21:03:27.281214 :: One scroll - 1500
2024-08-12 21:03:30.294340 :: One scroll - 1500
2024-08-12 21:03:33.312369 :: One scroll - 1500
2024-08-12 21:03:36.331212 :: One scroll - 1500
2024-08-12 21:03:39.344071 :: One scroll - 1500
2024-08-12 21:03:42.354517 :: One scroll - 1500
2024-08-12 21:03:45.365954 :: One scroll - 1500
2024-08-12 21:03:48.376184 :: One scroll - 1500
2024-08-12 21:03:51.389342 :: One scroll - 1500
2024-08-12 21:03:54.405742 :: One scroll - 1500
2024-08-12 21:03:57.412406 :: timer ++ 3
2024-08-12 21:03:57.416407 :: SPENT time for3m ppf - 0:01:06.013214