
2024-08-12 21:00:19.229009 :: Start
2024-08-12 21:00:21.234764 :: PROCESS FOR - tinting STARTED
2024-08-12 21:00:21.235730 :: https://www.google.com/maps/@26.1211208,-80.1324666,13z?entry=ttu
2024-08-12 21:00:27.445899 :: open site - https://www.google.com/maps/@26.1211208,-80.1324666,13z?entry=ttu
2024-08-12 21:00:29.524229 :: DATA for searching:
LOCATION:26.1211208,-80.1324666,13z
INTEREST:tinting
CITY:Fort Lauderdale
2024-08-12 21:00:29.922968 :: search  - tinting
2024-08-12 21:00:29.922968 :: Insert key-word:tinting
2024-08-12 21:00:32.400375 :: pressed search button
2024-08-12 21:00:36.430008 :: List item found:<selenium.webdriver.remote.webelement.WebElement (session="0da61807-8107-4d28-94e9-2d0f5dc880bc", element="f25b8234-898d-4c83-9a70-625a5b6b09b9")>
2024-08-12 21:00:36.435009 :: One scroll - 1500
2024-08-12 21:00:38.454389 :: One scroll - 1500
2024-08-12 21:00:40.458692 :: One scroll - 1500
2024-08-12 21:00:42.476052 :: One scroll - 1500
2024-08-12 21:00:44.484054 :: One scroll - 1500
2024-08-12 21:00:46.490928 :: One scroll - 1500
2024-08-12 21:00:48.506861 :: One scroll - 1500
2024-08-12 21:00:50.522054 :: One scroll - 1500
2024-08-12 21:00:52.531405 :: One scroll - 1500
2024-08-12 21:00:54.539460 :: One scroll - 1500
2024-08-12 21:00:56.543752 :: timer ++ 2
2024-08-12 21:00:56.565756 :: One scroll - 1500
2024-08-12 21:00:59.573178 :: One scroll - 1500
2024-08-12 21:01:02.585716 :: One scroll - 1500
2024-08-12 21:01:05.591461 :: One scroll - 1500
2024-08-12 21:01:08.596737 :: One scroll - 1500
2024-08-12 21:01:11.610057 :: One scroll - 1500
2024-08-12 21:01:14.617824 :: One scroll - 1500
2024-08-12 21:01:17.636546 :: One scroll - 1500
2024-08-12 21:01:20.648747 :: One scroll - 1500
2024-08-12 21:01:23.662306 :: One scroll - 1500
2024-08-12 21:01:26.668503 :: timer ++ 3
2024-08-12 21:01:26.672503 :: SPENT time fortinting - 0:01:05.437739