
2024-08-12 21:01:59.289406 :: Start
2024-08-12 21:02:01.302660 :: PROCESS FOR - tinting STARTED
2024-08-12 21:02:01.303654 :: https://www.google.com/maps/@26.0396872,-80.2165776,13z?entry=ttu
2024-08-12 21:02:06.983928 :: open site - https://www.google.com/maps/@26.0396872,-80.2165776,13z?entry=ttu
2024-08-12 21:02:08.935787 :: DATA for searching:
LOCATION:26.0396872,-80.2165776,13z
INTEREST:tinting
CITY:Hollywwood
2024-08-12 21:02:09.408276 :: search  - tinting
2024-08-12 21:02:09.408443 :: Insert key-word:tinting
2024-08-12 21:02:11.764094 :: pressed search button
2024-08-12 21:02:15.787303 :: List item found:<selenium.webdriver.remote.webelement.WebElement (session="8ddb5715-d62f-481d-8954-7dfd3b14b4ba", element="ce427888-0d19-4cd4-bd3f-d5024f113073")>
2024-08-12 21:02:15.791305 :: One scroll - 1500
2024-08-12 21:02:17.806912 :: One scroll - 1500
2024-08-12 21:02:19.824174 :: One scroll - 1500
2024-08-12 21:02:21.841914 :: One scroll - 1500
2024-08-12 21:02:23.864259 :: One scroll - 1500
2024-08-12 21:02:25.878308 :: One scroll - 1500
2024-08-12 21:02:27.897894 :: One scroll - 1500
2024-08-12 21:02:29.910180 :: One scroll - 1500
2024-08-12 21:02:31.925243 :: One scroll - 1500
2024-08-12 21:02:33.942138 :: One scroll - 1500
2024-08-12 21:02:35.953239 :: timer ++ 2
2024-08-12 21:02:35.958230 :: One scroll - 1500
2024-08-12 21:02:38.975210 :: One scroll - 1500
2024-08-12 21:02:41.988242 :: One scroll - 1500
2024-08-12 21:02:44.995739 :: One scroll - 1500
2024-08-12 21:02:48.008823 :: One scroll - 1500
2024-08-12 21:02:51.015020 :: One scroll - 1500
2024-08-12 21:02:54.023429 :: One scroll - 1500
2024-08-12 21:02:57.136350 :: One scroll - 1500
2024-08-12 21:03:00.173673 :: One scroll - 1500
2024-08-12 21:03:03.189151 :: One scroll - 1500
2024-08-12 21:03:06.199670 :: timer ++ 3
2024-08-12 21:03:06.204834 :: SPENT time fortinting - 0:01:04.902174