
2024-08-12 21:01:09.339691 :: Start
2024-08-12 21:01:11.342241 :: PROCESS FOR - xpel ppf STARTED
2024-08-12 21:01:11.342241 :: https://www.google.com/maps/@26.0396872,-80.2165776,13z?entry=ttu
2024-08-12 21:01:17.510477 :: open site - https://www.google.com/maps/@26.0396872,-80.2165776,13z?entry=ttu
2024-08-12 21:01:19.693946 :: DATA for searching:
LOCATION:26.0396872,-80.2165776,13z
INTEREST:xpel ppf
CITY:Hollywwood
2024-08-12 21:01:20.163219 :: search  - xpel ppf
2024-08-12 21:01:20.163728 :: Insert key-word:xpel ppf
2024-08-12 21:01:22.438431 :: pressed search button
2024-08-12 21:01:26.458561 :: List item found:<selenium.webdriver.remote.webelement.WebElement (session="54fdcab4-5e8c-411e-bc0d-382c2b039488", element="3d70cf03-d871-4d22-a5e4-1692e9d43d89")>
2024-08-12 21:01:26.464560 :: One scroll - 1500
2024-08-12 21:01:28.485335 :: One scroll - 1500
2024-08-12 21:01:30.504095 :: One scroll - 1500
2024-08-12 21:01:32.516283 :: One scroll - 1500
2024-08-12 21:01:34.529639 :: One scroll - 1500
2024-08-12 21:01:36.549257 :: One scroll - 1500
2024-08-12 21:01:38.558662 :: One scroll - 1500
2024-08-12 21:01:40.576003 :: One scroll - 1500
2024-08-12 21:01:42.583454 :: One scroll - 1500
2024-08-12 21:01:44.599510 :: One scroll - 1500
2024-08-12 21:01:46.601943 :: timer ++ 2
2024-08-12 21:01:46.607941 :: One scroll - 1500
2024-08-12 21:01:49.619024 :: One scroll - 1500
2024-08-12 21:01:52.625298 :: One scroll - 1500
2024-08-12 21:01:55.632460 :: One scroll - 1500
2024-08-12 21:01:58.641107 :: One scroll - 1500
2024-08-12 21:02:01.651036 :: One scroll - 1500
2024-08-12 21:02:04.662801 :: One scroll - 1500
2024-08-12 21:02:07.679145 :: One scroll - 1500
2024-08-12 21:02:10.700199 :: One scroll - 1500
2024-08-12 21:02:13.705296 :: One scroll - 1500
2024-08-12 21:02:16.710540 :: timer ++ 3
2024-08-12 21:02:16.714544 :: SPENT time forxpel ppf - 0:01:05.372303