
2024-08-12 21:05:19.664778 :: Start
2024-08-12 21:05:21.680021 :: PROCESS FOR - xpel ppf STARTED
2024-08-12 21:05:21.680021 :: https://www.google.com/maps/@25.4698105,-80.4734476,14z?entry=ttu
2024-08-12 21:05:28.238788 :: open site - https://www.google.com/maps/@25.4698105,-80.4734476,14z?entry=ttu
2024-08-12 21:05:30.524711 :: DATA for searching:
LOCATION:25.4698105,-80.4734476,14z
INTEREST:xpel ppf
CITY:Homestead
2024-08-12 21:05:30.881843 :: search  - xpel ppf
2024-08-12 21:05:30.881843 :: Insert key-word:xpel ppf
2024-08-12 21:05:33.172115 :: pressed search button
2024-08-12 21:05:37.198088 :: List item found:<selenium.webdriver.remote.webelement.WebElement (session="3bf20a94-3f8c-4b32-a2d0-c173d01de709", element="e568d8f6-5663-49f9-81d0-e1ae98ad72c6")>
2024-08-12 21:05:37.202087 :: One scroll - 1500
2024-08-12 21:05:39.216417 :: One scroll - 1500
2024-08-12 21:05:41.232659 :: One scroll - 1500
2024-08-12 21:05:43.238632 :: One scroll - 1500
2024-08-12 21:05:45.259966 :: One scroll - 1500
2024-08-12 21:05:47.271362 :: One scroll - 1500
2024-08-12 21:05:49.285919 :: One scroll - 1500
2024-08-12 21:05:51.297168 :: One scroll - 1500
2024-08-12 21:05:53.310927 :: One scroll - 1500
2024-08-12 21:05:55.316613 :: One scroll - 1500
2024-08-12 21:05:57.325743 :: timer ++ 2
2024-08-12 21:05:57.329742 :: One scroll - 1500
2024-08-12 21:06:00.343230 :: One scroll - 1500
2024-08-12 21:06:03.356632 :: One scroll - 1500
2024-08-12 21:06:06.370876 :: One scroll - 1500
2024-08-12 21:06:09.389560 :: One scroll - 1500
2024-08-12 21:06:12.393309 :: One scroll - 1500
2024-08-12 21:06:15.413142 :: One scroll - 1500
2024-08-12 21:06:18.421873 :: One scroll - 1500
2024-08-12 21:06:21.435915 :: One scroll - 1500
2024-08-12 21:06:24.444510 :: One scroll - 1500
2024-08-12 21:06:27.459480 :: timer ++ 3
2024-08-12 21:06:27.463485 :: SPENT time forxpel ppf - 0:01:05.783464