
2024-08-12 20:59:29.442261 :: Start
2024-08-12 20:59:31.453433 :: PROCESS FOR - car detailing shop STARTED
2024-08-12 20:59:31.453433 :: https://www.google.com/maps/@26.1211208,-80.1324666,13z?entry=ttu
2024-08-12 20:59:37.868912 :: open site - https://www.google.com/maps/@26.1211208,-80.1324666,13z?entry=ttu
2024-08-12 20:59:40.476752 :: DATA for searching:
LOCATION:26.1211208,-80.1324666,13z
INTEREST:car detailing shop
CITY:Fort Lauderdale
2024-08-12 20:59:41.152307 :: search  - car detailing shop
2024-08-12 20:59:41.152815 :: Insert key-word:car detailing shop
2024-08-12 20:59:43.448098 :: pressed search button
2024-08-12 20:59:47.467699 :: List item found:<selenium.webdriver.remote.webelement.WebElement (session="0eff1cbb-c934-4015-9ed1-c8a1e8bb3902", element="97e036de-665c-4478-9fd0-e48d3fbcd32b")>
2024-08-12 20:59:47.472709 :: One scroll - 1500
2024-08-12 20:59:49.489010 :: One scroll - 1500
2024-08-12 20:59:51.505957 :: One scroll - 1500
2024-08-12 20:59:53.516723 :: One scroll - 1500
2024-08-12 20:59:55.529915 :: One scroll - 1500
2024-08-12 20:59:57.539399 :: One scroll - 1500
2024-08-12 20:59:59.555509 :: One scroll - 1500
2024-08-12 21:00:01.575652 :: One scroll - 1500
2024-08-12 21:00:03.582660 :: One scroll - 1500
2024-08-12 21:00:05.599052 :: One scroll - 1500
2024-08-12 21:00:07.603528 :: timer ++ 2
2024-08-12 21:00:07.767581 :: One scroll - 1500
2024-08-12 21:00:10.786503 :: One scroll - 1500
2024-08-12 21:00:13.794733 :: One scroll - 1500
2024-08-12 21:00:16.811764 :: One scroll - 1500
2024-08-12 21:00:19.932538 :: One scroll - 1500
2024-08-12 21:00:22.939998 :: One scroll - 1500
2024-08-12 21:00:25.958776 :: One scroll - 1500
2024-08-12 21:00:29.001289 :: One scroll - 1500
2024-08-12 21:00:32.168843 :: One scroll - 1500
2024-08-12 21:00:35.176605 :: One scroll - 1500
2024-08-12 21:00:38.183945 :: timer ++ 3
2024-08-12 21:00:38.188791 :: SPENT time forcar detailing shop - 0:01:06.735358