
2024-08-12 21:05:19.662780 :: Start
2024-08-12 21:05:21.664542 :: PROCESS FOR - sun tek ppf STARTED
2024-08-12 21:05:21.664542 :: https://www.google.com/maps/@25.4698105,-80.4734476,14z?entry=ttu
2024-08-12 21:05:28.043095 :: open site - https://www.google.com/maps/@25.4698105,-80.4734476,14z?entry=ttu
2024-08-12 21:05:29.974695 :: DATA for searching:
LOCATION:25.4698105,-80.4734476,14z
INTEREST:sun tek ppf
CITY:Homestead
2024-08-12 21:05:30.616243 :: search  - sun tek ppf
2024-08-12 21:05:30.616243 :: Insert key-word:sun tek ppf
2024-08-12 21:05:32.931055 :: pressed search button
2024-08-12 21:05:36.951923 :: List item found:<selenium.webdriver.remote.webelement.WebElement (session="4cda2a89-a2b1-4501-8290-934db09b6e13", element="11deb279-f521-4854-be92-4bcca838eafd")>
2024-08-12 21:05:36.956924 :: One scroll - 1500
2024-08-12 21:05:38.966519 :: One scroll - 1500
2024-08-12 21:05:40.985114 :: One scroll - 1500
2024-08-12 21:05:42.993813 :: One scroll - 1500
2024-08-12 21:05:45.007252 :: One scroll - 1500
2024-08-12 21:05:47.024769 :: One scroll - 1500
2024-08-12 21:05:49.037190 :: One scroll - 1500
2024-08-12 21:05:51.046496 :: One scroll - 1500
2024-08-12 21:05:53.060171 :: One scroll - 1500
2024-08-12 21:05:55.067539 :: One scroll - 1500
2024-08-12 21:05:57.080642 :: timer ++ 2
2024-08-12 21:05:57.098652 :: One scroll - 1500
2024-08-12 21:06:00.107675 :: One scroll - 1500
2024-08-12 21:06:03.126233 :: One scroll - 1500
2024-08-12 21:06:06.139659 :: One scroll - 1500
2024-08-12 21:06:09.156794 :: One scroll - 1500
2024-08-12 21:06:12.159968 :: One scroll - 1500
2024-08-12 21:06:15.178901 :: One scroll - 1500
2024-08-12 21:06:18.189820 :: One scroll - 1500
2024-08-12 21:06:21.205327 :: One scroll - 1500
2024-08-12 21:06:24.214688 :: One scroll - 1500
2024-08-12 21:06:27.215171 :: timer ++ 3
2024-08-12 21:06:27.219177 :: SPENT time forsun tek ppf - 0:01:05.554635