
2024-08-12 20:54:29.091038 :: Start
2024-08-12 20:54:31.093087 :: PROCESS FOR - tinting STARTED
2024-08-12 20:54:31.093087 :: https://www.google.com/maps/@28.4332443,-81.4682186,10.75z?entry=ttu
2024-08-12 20:54:37.176298 :: open site - https://www.google.com/maps/@28.4332443,-81.4682186,10.75z?entry=ttu
2024-08-12 20:54:39.661580 :: DATA for searching:
LOCATION:28.4332443,-81.4682186,10.75z
INTEREST:tinting
CITY:Orlando
2024-08-12 20:54:39.970833 :: search  - tinting
2024-08-12 20:54:39.971835 :: Insert key-word:tinting
2024-08-12 20:54:42.353604 :: pressed search button
2024-08-12 20:54:46.375387 :: List item found:<selenium.webdriver.remote.webelement.WebElement (session="ef813444-950f-4095-926f-ec2c6fd4b014", element="510c6fa8-78bc-496f-91dc-a47c0b34aa9f")>
2024-08-12 20:54:46.379387 :: One scroll - 1500
2024-08-12 20:54:48.389011 :: One scroll - 1500
2024-08-12 20:54:50.404855 :: One scroll - 1500
2024-08-12 20:54:52.413749 :: One scroll - 1500
2024-08-12 20:54:54.437376 :: One scroll - 1500
2024-08-12 20:54:56.441941 :: One scroll - 1500
2024-08-12 20:54:58.461003 :: One scroll - 1500
2024-08-12 20:55:00.482481 :: One scroll - 1500
2024-08-12 20:55:02.489555 :: One scroll - 1500
2024-08-12 20:55:04.503850 :: One scroll - 1500
2024-08-12 20:55:06.512297 :: timer ++ 2
2024-08-12 20:55:06.520303 :: One scroll - 1500
2024-08-12 20:55:09.526206 :: One scroll - 1500
2024-08-12 20:55:12.541204 :: One scroll - 1500
2024-08-12 20:55:15.563019 :: One scroll - 1500
2024-08-12 20:55:18.570596 :: One scroll - 1500
2024-08-12 20:55:21.587702 :: One scroll - 1500
2024-08-12 20:55:24.605735 :: One scroll - 1500
2024-08-12 20:55:27.627238 :: One scroll - 1500
2024-08-12 20:55:30.637128 :: One scroll - 1500
2024-08-12 20:55:33.660049 :: One scroll - 1500
2024-08-12 20:55:36.663770 :: timer ++ 3
2024-08-12 20:55:36.667779 :: SPENT time fortinting - 0:01:05.574692