
2024-08-12 20:59:29.440259 :: Start
2024-08-12 20:59:31.454301 :: PROCESS FOR - xpel ppf STARTED
2024-08-12 20:59:31.454301 :: https://www.google.com/maps/@26.1211208,-80.1324666,13z?entry=ttu
2024-08-12 20:59:37.707851 :: open site - https://www.google.com/maps/@26.1211208,-80.1324666,13z?entry=ttu
2024-08-12 20:59:40.339217 :: DATA for searching:
LOCATION:26.1211208,-80.1324666,13z
INTEREST:xpel ppf
CITY:Fort Lauderdale
2024-08-12 20:59:40.965033 :: search  - xpel ppf
2024-08-12 20:59:40.965033 :: Insert key-word:xpel ppf
2024-08-12 20:59:43.371857 :: pressed search button
2024-08-12 20:59:47.387964 :: List item found:<selenium.webdriver.remote.webelement.WebElement (session="9e0b9973-7ab5-4995-8e42-fcaaf136f1cf", element="4c279ed2-d165-4da8-8a04-91fcbc144674")>
2024-08-12 20:59:47.392105 :: One scroll - 1500
2024-08-12 20:59:49.402490 :: One scroll - 1500
2024-08-12 20:59:51.412438 :: One scroll - 1500
2024-08-12 20:59:53.423927 :: One scroll - 1500
2024-08-12 20:59:55.437018 :: One scroll - 1500
2024-08-12 20:59:57.445847 :: One scroll - 1500
2024-08-12 20:59:59.461955 :: One scroll - 1500
2024-08-12 21:00:01.466136 :: One scroll - 1500
2024-08-12 21:00:03.473135 :: One scroll - 1500
2024-08-12 21:00:05.477530 :: One scroll - 1500
2024-08-12 21:00:07.481737 :: timer ++ 2
2024-08-12 21:00:07.487735 :: One scroll - 1500
2024-08-12 21:00:10.507267 :: One scroll - 1500
2024-08-12 21:00:13.518524 :: One scroll - 1500
2024-08-12 21:00:16.533489 :: One scroll - 1500
2024-08-12 21:00:19.544271 :: One scroll - 1500
2024-08-12 21:00:22.551056 :: One scroll - 1500
2024-08-12 21:00:25.571201 :: One scroll - 1500
2024-08-12 21:00:28.581526 :: One scroll - 1500
2024-08-12 21:00:31.599079 :: One scroll - 1500
2024-08-12 21:00:34.617737 :: One scroll - 1500
2024-08-12 21:00:37.626562 :: timer ++ 3
2024-08-12 21:00:37.630561 :: SPENT time forxpel ppf - 0:01:06.176260