
2024-08-12 20:56:59.162966 :: Start
2024-08-12 20:57:01.165411 :: PROCESS FOR - xpel ppf STARTED
2024-08-12 20:57:01.165411 :: https://www.google.com/maps/@26.251814,-80.1783165,13z?entry=ttu
2024-08-12 20:57:07.539158 :: open site - https://www.google.com/maps/@26.251814,-80.1783165,13z?entry=ttu
2024-08-12 20:57:10.054359 :: DATA for searching:
LOCATION:26.251814,-80.1783165,13z
INTEREST:xpel ppf
CITY:Pompano Beach
2024-08-12 20:57:10.254137 :: search  - xpel ppf
2024-08-12 20:57:10.256655 :: Insert key-word:xpel ppf
2024-08-12 20:57:12.533917 :: pressed search button
2024-08-12 20:57:16.552826 :: List item found:<selenium.webdriver.remote.webelement.WebElement (session="c2e17794-9787-4936-89b5-8d391dabeda5", element="6c473336-1ab4-4e91-bad6-d7e9936b1a52")>
2024-08-12 20:57:16.559347 :: One scroll - 1500
2024-08-12 20:57:18.576459 :: One scroll - 1500
2024-08-12 20:57:20.595392 :: One scroll - 1500
2024-08-12 20:57:22.610836 :: One scroll - 1500
2024-08-12 20:57:24.628971 :: One scroll - 1500
2024-08-12 20:57:26.635240 :: One scroll - 1500
2024-08-12 20:57:28.648371 :: One scroll - 1500
2024-08-12 20:57:30.661757 :: One scroll - 1500
2024-08-12 20:57:32.679008 :: One scroll - 1500
2024-08-12 20:57:34.696631 :: One scroll - 1500
2024-08-12 20:57:36.699917 :: timer ++ 2
2024-08-12 20:57:36.706446 :: One scroll - 1500
2024-08-12 20:57:39.713954 :: One scroll - 1500
2024-08-12 20:57:42.734457 :: One scroll - 1500
2024-08-12 20:57:45.753369 :: One scroll - 1500
2024-08-12 20:57:48.760239 :: One scroll - 1500
2024-08-12 20:57:51.770748 :: One scroll - 1500
2024-08-12 20:57:54.796019 :: One scroll - 1500
2024-08-12 20:57:57.811532 :: One scroll - 1500
2024-08-12 20:58:00.829161 :: One scroll - 1500
2024-08-12 20:58:03.835843 :: One scroll - 1500
2024-08-12 20:58:06.838859 :: timer ++ 3
2024-08-12 20:58:06.841858 :: SPENT time forxpel ppf - 0:01:05.676447