
2024-08-12 20:53:39.037682 :: Start
2024-08-12 20:53:41.051531 :: PROCESS FOR - paint protection film STARTED
2024-08-12 20:53:41.052452 :: https://www.google.com/maps/@28.4332443,-81.4682186,10.75z?entry=ttu
2024-08-12 20:53:46.787782 :: open site - https://www.google.com/maps/@28.4332443,-81.4682186,10.75z?entry=ttu
2024-08-12 20:53:49.662331 :: DATA for searching:
LOCATION:28.4332443,-81.4682186,10.75z
INTEREST:paint protection film
CITY:Orlando
2024-08-12 20:53:49.858402 :: search  - paint protection film
2024-08-12 20:53:49.859940 :: Insert key-word:paint protection film
2024-08-12 20:53:52.115847 :: pressed search button
2024-08-12 20:53:56.131600 :: List item found:<selenium.webdriver.remote.webelement.WebElement (session="8f32c662-627a-4b27-9e1c-29e51fd79a21", element="17b5fc5a-03e3-46c2-9341-d7b7f0222b7f")>
2024-08-12 20:53:56.136606 :: One scroll - 1500
2024-08-12 20:53:58.153611 :: One scroll - 1500
2024-08-12 20:54:00.169967 :: One scroll - 1500
2024-08-12 20:54:02.186329 :: One scroll - 1500
2024-08-12 20:54:04.201565 :: One scroll - 1500
2024-08-12 20:54:06.208320 :: One scroll - 1500
2024-08-12 20:54:08.221307 :: One scroll - 1500
2024-08-12 20:54:10.228759 :: One scroll - 1500
2024-08-12 20:54:12.234953 :: One scroll - 1500
2024-08-12 20:54:14.242409 :: One scroll - 1500
2024-08-12 20:54:16.254305 :: timer ++ 2
2024-08-12 20:54:16.262305 :: One scroll - 1500
2024-08-12 20:54:19.280845 :: One scroll - 1500
2024-08-12 20:54:22.290374 :: One scroll - 1500
2024-08-12 20:54:25.304163 :: One scroll - 1500
2024-08-12 20:54:28.313311 :: One scroll - 1500
2024-08-12 20:54:31.329429 :: One scroll - 1500
2024-08-12 20:54:34.343357 :: One scroll - 1500
2024-08-12 20:54:37.353415 :: One scroll - 1500
2024-08-12 20:54:40.369214 :: One scroll - 1500
2024-08-12 20:54:43.376406 :: One scroll - 1500
2024-08-12 20:54:46.388386 :: timer ++ 3
2024-08-12 20:54:46.392392 :: SPENT time forpaint protection film - 0:01:05.340861