
2024-08-12 21:00:19.228007 :: Start
2024-08-12 21:00:21.234764 :: PROCESS FOR - paint protection film STARTED
2024-08-12 21:00:21.234764 :: https://www.google.com/maps/@26.1211208,-80.1324666,13z?entry=ttu
2024-08-12 21:00:27.798874 :: open site - https://www.google.com/maps/@26.1211208,-80.1324666,13z?entry=ttu
2024-08-12 21:00:29.945964 :: DATA for searching:
LOCATION:26.1211208,-80.1324666,13z
INTEREST:paint protection film
CITY:Fort Lauderdale
2024-08-12 21:00:30.540271 :: search  - paint protection film
2024-08-12 21:00:30.540271 :: Insert key-word:paint protection film
2024-08-12 21:00:32.817761 :: pressed search button
2024-08-12 21:00:36.846854 :: List item found:<selenium.webdriver.remote.webelement.WebElement (session="5e4860e6-8a3b-448d-8a5a-5e3d247052a0", element="d841833d-eab6-486b-aada-30b004095503")>
2024-08-12 21:00:36.853858 :: One scroll - 1500
2024-08-12 21:00:38.872615 :: One scroll - 1500
2024-08-12 21:00:40.877612 :: One scroll - 1500
2024-08-12 21:00:42.888336 :: One scroll - 1500
2024-08-12 21:00:44.902896 :: One scroll - 1500
2024-08-12 21:00:46.911108 :: One scroll - 1500
2024-08-12 21:00:48.928032 :: One scroll - 1500
2024-08-12 21:00:50.942162 :: One scroll - 1500
2024-08-12 21:00:52.950240 :: One scroll - 1500
2024-08-12 21:00:54.956190 :: One scroll - 1500
2024-08-12 21:00:56.959849 :: timer ++ 2
2024-08-12 21:00:56.966848 :: One scroll - 1500
2024-08-12 21:00:59.978036 :: One scroll - 1500
2024-08-12 21:01:02.994511 :: One scroll - 1500
2024-08-12 21:01:06.012674 :: One scroll - 1500
2024-08-12 21:01:09.028586 :: One scroll - 1500
2024-08-12 21:01:12.043467 :: One scroll - 1500
2024-08-12 21:01:15.053146 :: One scroll - 1500
2024-08-12 21:01:18.061192 :: One scroll - 1500
2024-08-12 21:01:21.075979 :: One scroll - 1500
2024-08-12 21:01:24.086459 :: One scroll - 1500
2024-08-12 21:01:27.100592 :: timer ++ 3
2024-08-12 21:01:27.104593 :: SPENT time forpaint protection film - 0:01:05.869829