
2024-08-12 20:54:29.090040 :: Start
2024-08-12 20:54:31.092212 :: PROCESS FOR - ppf STARTED
2024-08-12 20:54:31.092212 :: https://www.google.com/maps/@26.3729004,-80.158565,13z?entry=ttu
2024-08-12 20:54:37.003541 :: open site - https://www.google.com/maps/@26.3729004,-80.158565,13z?entry=ttu
2024-08-12 20:54:38.860553 :: DATA for searching:
LOCATION:26.3729004,-80.158565,13z
INTEREST:ppf
CITY:Boca Raton
2024-08-12 20:54:39.314685 :: search  - ppf
2024-08-12 20:54:39.314685 :: Insert key-word:ppf
2024-08-12 20:54:41.728952 :: pressed search button
2024-08-12 20:54:45.758260 :: List item found:<selenium.webdriver.remote.webelement.WebElement (session="ad44a739-ddcc-4283-acd4-8db749ff3ffc", element="d136932a-bff5-44e1-9721-f5ad0acebc6e")>
2024-08-12 20:54:45.771261 :: One scroll - 1500
2024-08-12 20:54:47.782603 :: One scroll - 1500
2024-08-12 20:54:49.798532 :: One scroll - 1500
2024-08-12 20:54:51.811986 :: One scroll - 1500
2024-08-12 20:54:53.816190 :: One scroll - 1500
2024-08-12 20:54:55.822336 :: One scroll - 1500
2024-08-12 20:54:57.834449 :: One scroll - 1500
2024-08-12 20:54:59.842852 :: One scroll - 1500
2024-08-12 20:55:01.856015 :: One scroll - 1500
2024-08-12 20:55:03.866934 :: One scroll - 1500
2024-08-12 20:55:05.868395 :: timer ++ 2
2024-08-12 20:55:05.873390 :: One scroll - 1500
2024-08-12 20:55:08.894771 :: One scroll - 1500
2024-08-12 20:55:11.903774 :: One scroll - 1500
2024-08-12 20:55:14.918125 :: One scroll - 1500
2024-08-12 20:55:17.933901 :: One scroll - 1500
2024-08-12 20:55:20.936929 :: One scroll - 1500
2024-08-12 20:55:23.954303 :: One scroll - 1500
2024-08-12 20:55:26.974636 :: One scroll - 1500
2024-08-12 20:55:30.002599 :: One scroll - 1500
2024-08-12 20:55:33.012277 :: One scroll - 1500
2024-08-12 20:55:36.019059 :: timer ++ 3
2024-08-12 20:55:36.023060 :: SPENT time forppf - 0:01:04.930848