
2024-08-12 20:54:29.090040 :: Start
2024-08-12 20:54:31.092212 :: PROCESS FOR - tint STARTED
2024-08-12 20:54:31.093087 :: https://www.google.com/maps/@28.4332443,-81.4682186,10.75z?entry=ttu
2024-08-12 20:54:36.837008 :: open site - https://www.google.com/maps/@28.4332443,-81.4682186,10.75z?entry=ttu
2024-08-12 20:54:38.640491 :: DATA for searching:
LOCATION:28.4332443,-81.4682186,10.75z
INTEREST:tint
CITY:Orlando
2024-08-12 20:54:39.148148 :: search  - tint
2024-08-12 20:54:39.150147 :: Insert key-word:tint
2024-08-12 20:54:41.417372 :: pressed search button
2024-08-12 20:54:45.432559 :: List item found:<selenium.webdriver.remote.webelement.WebElement (session="d57e01ca-1435-49d8-904a-e1f1a59d1dcf", element="41857713-d69e-40b0-9cb0-0fd61c0bb00d")>
2024-08-12 20:54:45.437529 :: One scroll - 1500
2024-08-12 20:54:47.455522 :: One scroll - 1500
2024-08-12 20:54:49.472819 :: One scroll - 1500
2024-08-12 20:54:51.487967 :: One scroll - 1500
2024-08-12 20:54:53.497244 :: One scroll - 1500
2024-08-12 20:54:55.511328 :: One scroll - 1500
2024-08-12 20:54:57.526325 :: One scroll - 1500
2024-08-12 20:54:59.539281 :: One scroll - 1500
2024-08-12 20:55:01.545888 :: One scroll - 1500
2024-08-12 20:55:03.558294 :: One scroll - 1500
2024-08-12 20:55:05.562718 :: timer ++ 2
2024-08-12 20:55:05.568723 :: One scroll - 1500
2024-08-12 20:55:08.581038 :: One scroll - 1500
2024-08-12 20:55:11.592055 :: One scroll - 1500
2024-08-12 20:55:14.608812 :: One scroll - 1500
2024-08-12 20:55:17.732845 :: One scroll - 1500
2024-08-12 20:55:20.736641 :: One scroll - 1500
2024-08-12 20:55:23.752681 :: One scroll - 1500
2024-08-12 20:55:26.776093 :: One scroll - 1500
2024-08-12 20:55:29.788619 :: One scroll - 1500
2024-08-12 20:55:32.804558 :: One scroll - 1500
2024-08-12 20:55:35.817527 :: timer ++ 3
2024-08-12 20:55:35.821497 :: SPENT time fortint - 0:01:04.728283