
2024-08-12 21:03:39.665947 :: Start
2024-08-12 21:03:41.681199 :: PROCESS FOR - xpel ppf STARTED
2024-08-12 21:03:41.681199 :: https://www.google.com/maps/@25.7825389,-80.3118592,12z?entry=ttu
2024-08-12 21:03:47.651365 :: open site - https://www.google.com/maps/@25.7825389,-80.3118592,12z?entry=ttu
2024-08-12 21:03:49.263100 :: DATA for searching:
LOCATION:25.7825389,-80.3118592,12z
INTEREST:xpel ppf
CITY:Miami
2024-08-12 21:03:49.408648 :: search  - xpel ppf
2024-08-12 21:03:49.428171 :: Insert key-word:xpel ppf
2024-08-12 21:03:51.711952 :: pressed search button
2024-08-12 21:03:55.730736 :: List item found:<selenium.webdriver.remote.webelement.WebElement (session="e37f9594-d0e6-4899-8ee2-9c63cbef0e14", element="40b1d10c-b583-4b23-a797-018e26f77346")>
2024-08-12 21:03:55.740684 :: One scroll - 1500
2024-08-12 21:03:57.752109 :: One scroll - 1500
2024-08-12 21:03:59.759643 :: One scroll - 1500
2024-08-12 21:04:01.776549 :: One scroll - 1500
2024-08-12 21:04:03.780584 :: One scroll - 1500
2024-08-12 21:04:05.784670 :: One scroll - 1500
2024-08-12 21:04:07.803907 :: One scroll - 1500
2024-08-12 21:04:09.817004 :: One scroll - 1500
2024-08-12 21:04:11.828417 :: One scroll - 1500
2024-08-12 21:04:13.842968 :: One scroll - 1500
2024-08-12 21:04:15.846188 :: timer ++ 2
2024-08-12 21:04:15.851193 :: One scroll - 1500
2024-08-12 21:04:18.858260 :: One scroll - 1500
2024-08-12 21:04:21.871655 :: One scroll - 1500
2024-08-12 21:04:24.876515 :: One scroll - 1500
2024-08-12 21:04:27.891488 :: One scroll - 1500
2024-08-12 21:04:30.901678 :: One scroll - 1500
2024-08-12 21:04:33.912468 :: One scroll - 1500
2024-08-12 21:04:36.922814 :: One scroll - 1500
2024-08-12 21:04:39.941792 :: One scroll - 1500
2024-08-12 21:04:42.959961 :: One scroll - 1500
2024-08-12 21:04:45.971025 :: timer ++ 3
2024-08-12 21:04:45.974026 :: SPENT time forxpel ppf - 0:01:04.292827