
2024-08-12 21:00:19.230007 :: Start
2024-08-12 21:00:21.235730 :: PROCESS FOR - car tint STARTED
2024-08-12 21:00:21.235730 :: https://www.google.com/maps/@26.0396872,-80.2165776,13z?entry=ttu
2024-08-12 21:00:27.647814 :: open site - https://www.google.com/maps/@26.0396872,-80.2165776,13z?entry=ttu
2024-08-12 21:00:30.367219 :: DATA for searching:
LOCATION:26.0396872,-80.2165776,13z
INTEREST:car tint
CITY:Hollywwood
2024-08-12 21:00:30.467748 :: search  - car tint
2024-08-12 21:00:30.467748 :: Insert key-word:car tint
2024-08-12 21:00:32.835761 :: pressed search button
2024-08-12 21:00:36.861865 :: List item found:<selenium.webdriver.remote.webelement.WebElement (session="b2d81cd3-471d-491c-82ca-1f3f51e57d56", element="f1feca0d-9ca4-4fca-99f6-084a5c34f277")>
2024-08-12 21:00:36.958398 :: One scroll - 1500
2024-08-12 21:00:38.968151 :: One scroll - 1500
2024-08-12 21:00:40.972176 :: One scroll - 1500
2024-08-12 21:00:42.981852 :: One scroll - 1500
2024-08-12 21:00:44.996422 :: One scroll - 1500
2024-08-12 21:00:47.002980 :: One scroll - 1500
2024-08-12 21:00:49.019234 :: One scroll - 1500
2024-08-12 21:00:51.035694 :: One scroll - 1500
2024-08-12 21:00:53.045757 :: One scroll - 1500
2024-08-12 21:00:55.065705 :: One scroll - 1500
2024-08-12 21:00:57.068369 :: timer ++ 2
2024-08-12 21:00:57.073378 :: One scroll - 1500
2024-08-12 21:01:00.088694 :: One scroll - 1500
2024-08-12 21:01:03.103518 :: One scroll - 1500
2024-08-12 21:01:06.122210 :: One scroll - 1500
2024-08-12 21:01:09.136676 :: One scroll - 1500
2024-08-12 21:01:12.151019 :: One scroll - 1500
2024-08-12 21:01:15.159652 :: One scroll - 1500
2024-08-12 21:01:18.185344 :: One scroll - 1500
2024-08-12 21:01:21.209033 :: One scroll - 1500
2024-08-12 21:01:24.366051 :: One scroll - 1500
2024-08-12 21:01:27.378498 :: timer ++ 3
2024-08-12 21:01:27.383788 :: SPENT time forcar tint - 0:01:06.147526