
2024-08-12 20:58:39.477281 :: Start
2024-08-12 20:58:41.486945 :: PROCESS FOR - car tint STARTED
2024-08-12 20:58:41.486945 :: https://www.google.com/maps/@26.1211208,-80.1324666,13z?entry=ttu
2024-08-12 20:58:48.498440 :: open site - https://www.google.com/maps/@26.1211208,-80.1324666,13z?entry=ttu
2024-08-12 20:58:51.246098 :: DATA for searching:
LOCATION:26.1211208,-80.1324666,13z
INTEREST:car tint
CITY:Fort Lauderdale
2024-08-12 20:58:51.366035 :: search  - car tint
2024-08-12 20:58:51.366035 :: Insert key-word:car tint
2024-08-12 20:58:53.759777 :: pressed search button
2024-08-12 20:58:57.770764 :: List item found:<selenium.webdriver.remote.webelement.WebElement (session="80f58109-90df-4223-9788-ca89809c61b2", element="546d4ea1-3134-4530-a397-bf923c3a43e6")>
2024-08-12 20:58:57.776273 :: One scroll - 1500
2024-08-12 20:58:59.796318 :: One scroll - 1500
2024-08-12 20:59:01.813148 :: One scroll - 1500
2024-08-12 20:59:03.828274 :: One scroll - 1500
2024-08-12 20:59:05.846739 :: One scroll - 1500
2024-08-12 20:59:07.851444 :: One scroll - 1500
2024-08-12 20:59:09.868563 :: One scroll - 1500
2024-08-12 20:59:11.873136 :: One scroll - 1500
2024-08-12 20:59:13.880717 :: One scroll - 1500
2024-08-12 20:59:15.891588 :: One scroll - 1500
2024-08-12 20:59:17.892846 :: timer ++ 2
2024-08-12 20:59:17.897848 :: One scroll - 1500
2024-08-12 20:59:20.908704 :: One scroll - 1500
2024-08-12 20:59:23.922063 :: One scroll - 1500
2024-08-12 20:59:26.936835 :: One scroll - 1500
2024-08-12 20:59:29.943690 :: One scroll - 1500
2024-08-12 20:59:32.955914 :: One scroll - 1500
2024-08-12 20:59:35.975794 :: One scroll - 1500
2024-08-12 20:59:38.994962 :: One scroll - 1500
2024-08-12 20:59:42.009083 :: One scroll - 1500
2024-08-12 20:59:45.033601 :: One scroll - 1500
2024-08-12 20:59:48.048495 :: timer ++ 3
2024-08-12 20:59:48.051520 :: SPENT time forcar tint - 0:01:06.564575