
2024-08-12 21:02:49.396129 :: Start
2024-08-12 21:02:51.403193 :: PROCESS FOR - car detailing shop STARTED
2024-08-12 21:02:51.404164 :: https://www.google.com/maps/@25.7825389,-80.3118592,12z?entry=ttu
2024-08-12 21:02:57.847099 :: open site - https://www.google.com/maps/@25.7825389,-80.3118592,12z?entry=ttu
2024-08-12 21:02:59.938588 :: DATA for searching:
LOCATION:25.7825389,-80.3118592,12z
INTEREST:car detailing shop
CITY:Miami
2024-08-12 21:03:00.496023 :: search  - car detailing shop
2024-08-12 21:03:00.498023 :: Insert key-word:car detailing shop
2024-08-12 21:03:02.977968 :: pressed search button
2024-08-12 21:03:06.995356 :: List item found:<selenium.webdriver.remote.webelement.WebElement (session="197aeaa4-3ad2-4081-be77-a20a93fb881c", element="73af8ded-3f2e-41b4-b0d1-bfa776a5ecf7")>
2024-08-12 21:03:07.002359 :: One scroll - 1500
2024-08-12 21:03:09.013775 :: One scroll - 1500
2024-08-12 21:03:11.028252 :: One scroll - 1500
2024-08-12 21:03:13.048367 :: One scroll - 1500
2024-08-12 21:03:15.067152 :: One scroll - 1500
2024-08-12 21:03:17.073301 :: One scroll - 1500
2024-08-12 21:03:19.089243 :: One scroll - 1500
2024-08-12 21:03:21.105680 :: One scroll - 1500
2024-08-12 21:03:23.115264 :: One scroll - 1500
2024-08-12 21:03:25.123351 :: One scroll - 1500
2024-08-12 21:03:27.133678 :: timer ++ 2
2024-08-12 21:03:27.409278 :: One scroll - 1500
2024-08-12 21:03:30.417009 :: One scroll - 1500
2024-08-12 21:03:33.434894 :: One scroll - 1500
2024-08-12 21:03:36.440733 :: One scroll - 1500
2024-08-12 21:03:39.455156 :: One scroll - 1500
2024-08-12 21:03:42.464662 :: One scroll - 1500
2024-08-12 21:03:45.557477 :: One scroll - 1500
2024-08-12 21:03:48.918489 :: One scroll - 1500
2024-08-12 21:03:51.936668 :: One scroll - 1500
2024-08-12 21:03:55.015512 :: One scroll - 1500
2024-08-12 21:03:58.025681 :: timer ++ 3
2024-08-12 21:03:58.028682 :: SPENT time forcar detailing shop - 0:01:06.625489